<?xml version="1.0" encoding="UTF-8"?>
<robot generator="Robot 4.1.3 (Python 3.9.10 on win32)" generated="20220307 12:27:55.631" rpa="false" schemaversion="2">
<suite id="s1" name="TestSuites" source="Z:\Automation\Python\HCL_PEGA_ING\TestSuites">
<suite id="s1-s1" name="Regression" source="Z:\Automation\Python\HCL_PEGA_ING\TestSuites\Regression">
<suite id="s1-s1-s1" name="Validate Verify Author VRBank Page" source="Z:\Automation\Python\HCL_PEGA_ING\TestSuites\Regression\Validate_Verify_Author_VRBank_Page.robot">
<test id="s1-s1-s1-t1" name="Validate Verify Author VR Bank Page">
<kw name="Open Application" library="CommonGlobal" type="SETUP">
<kw name="Set Environment Variable" library="OperatingSystem">
<arg>webdriver.chrome.driver</arg>
<arg>${EXECDIR}\\attest\\bin</arg>
<doc>Sets an environment variable to a specified value.</doc>
<msg timestamp="20220307 12:27:55.887" level="INFO">Environment variable 'webdriver.chrome.driver' set to value 'Z:\Automation\Python\HCL_PEGA_ING\attest\bin'.</msg>
<status status="PASS" starttime="20220307 12:27:55.887" endtime="20220307 12:27:55.887"/>
</kw>
<kw name="Create Webdriver" library="SeleniumLibrary">
<arg>Chrome</arg>
<arg>executable_path=${EXECDIR}\\attest\\bin\\chromedriver.exe</arg>
<doc>Creates an instance of Selenium WebDriver.</doc>
<msg timestamp="20220307 12:27:55.887" level="INFO">Creating an instance of the Chrome WebDriver.</msg>
<status status="PASS" starttime="20220307 12:27:55.887" endtime="20220307 12:27:57.095"/>
</kw>
<kw name="Go To" library="SeleniumLibrary">
<arg>${app_url}</arg>
<doc>Navigates the current browser window to the provided ``url``.</doc>
<msg timestamp="20220307 12:27:57.095" level="INFO">Opening url 'http://localhost:8080/prweb/PRServlet'</msg>
<status status="PASS" starttime="20220307 12:27:57.095" endtime="20220307 12:27:57.205"/>
</kw>
<kw name="Maximize Browser Window" library="SeleniumLibrary">
<doc>Maximizes current browser window.</doc>
<status status="PASS" starttime="20220307 12:27:57.206" endtime="20220307 12:27:57.328"/>
</kw>
<kw name="Wait Until Location Contains" library="SeleniumLibrary">
<arg>${app_url}</arg>
<doc>Waits until the current URL contains ``expected``.</doc>
<status status="PASS" starttime="20220307 12:27:57.328" endtime="20220307 12:27:57.332"/>
</kw>
<kw name="Location Should Contain" library="SeleniumLibrary">
<arg>${app_url}</arg>
<doc>Verifies that the current URL contains ``expected``.</doc>
<msg timestamp="20220307 12:27:57.334" level="INFO">Current location contains 'http://localhost:8080/prweb/PRServlet'.</msg>
<status status="PASS" starttime="20220307 12:27:57.332" endtime="20220307 12:27:57.334"/>
</kw>
<kw name="Sleep" library="BuiltIn">
<arg>2s</arg>
<doc>Pauses the test executed for the given time.</doc>
<msg timestamp="20220307 12:27:59.342" level="INFO">Slept 2 seconds</msg>
<status status="PASS" starttime="20220307 12:27:57.334" endtime="20220307 12:27:59.342"/>
</kw>
<status status="PASS" starttime="20220307 12:27:55.886" endtime="20220307 12:27:59.342"/>
</kw>
<kw name="Given that the user should navigate in PEGA Login Page">
<kw name="My Logger" library="common_global">
<arg>that the user should navigate in PEGA Login Page</arg>
<status status="PASS" starttime="20220307 12:27:59.343" endtime="20220307 12:27:59.343"/>
</kw>
<status status="PASS" starttime="20220307 12:27:59.342" endtime="20220307 12:27:59.343"/>
</kw>
<kw name="And user login using valid credentials">
<kw name="My Logger" library="common_global">
<arg>user login using valid credentials</arg>
<status status="PASS" starttime="20220307 12:27:59.343" endtime="20220307 12:27:59.344"/>
</kw>
<kw name="Login User" library="tasks_common">
<arg>${Author.username}</arg>
<arg>${Author.password}</arg>
<kw name="Set Textbox Value" library="tasks_textbox">
<arg>${login_mainScreen_user_textbox}</arg>
<arg>${input_email}</arg>
<kw name="Scroll Element Into View" library="SeleniumLibrary">
<arg>${input_selector}</arg>
<doc>Scrolls the element identified by ``locator`` into view.</doc>
<status status="PASS" starttime="20220307 12:27:59.346" endtime="20220307 12:27:59.624"/>
</kw>
<kw name="Element Should Be Visible" library="SeleniumLibrary">
<arg>${input_selector}</arg>
<doc>Verifies that the element identified by ``locator`` is visible.</doc>
<msg timestamp="20220307 12:27:59.642" level="INFO">Element 'xpath://div[@id="credentials"]//div[@class="field user"]//input' is displayed.</msg>
<status status="PASS" starttime="20220307 12:27:59.624" endtime="20220307 12:27:59.642"/>
</kw>
<kw name="Element Should Be Enabled" library="SeleniumLibrary">
<arg>${input_selector}</arg>
<doc>Verifies that element identified by ``locator`` is enabled.</doc>
<status status="PASS" starttime="20220307 12:27:59.643" endtime="20220307 12:27:59.662"/>
</kw>
<kw name="Input Text" library="SeleniumLibrary">
<arg>${input_selector}</arg>
<arg>${input_value}</arg>
<doc>Types the given ``text`` into the text field identified by ``locator``.</doc>
<msg timestamp="20220307 12:27:59.662" level="INFO">Typing text 'author@vrbank' into text field 'xpath://div[@id="credentials"]//div[@class="field user"]//input'.</msg>
<status status="PASS" starttime="20220307 12:27:59.662" endtime="20220307 12:27:59.718"/>
</kw>
<kw name="Sleep" library="BuiltIn">
<arg>1s</arg>
<doc>Pauses the test executed for the given time.</doc>
<msg timestamp="20220307 12:28:00.733" level="INFO">Slept 1 second</msg>
<status status="PASS" starttime="20220307 12:27:59.718" endtime="20220307 12:28:00.733"/>
</kw>
<status status="PASS" starttime="20220307 12:27:59.346" endtime="20220307 12:28:00.733"/>
</kw>
<kw name="Set Textbox Value" library="tasks_textbox">
<arg>${login_mainScreen_password_textbox}</arg>
<arg>${input_password}</arg>
<kw name="Scroll Element Into View" library="SeleniumLibrary">
<arg>${input_selector}</arg>
<doc>Scrolls the element identified by ``locator`` into view.</doc>
<status status="PASS" starttime="20220307 12:28:00.734" endtime="20220307 12:28:01.001"/>
</kw>
<kw name="Element Should Be Visible" library="SeleniumLibrary">
<arg>${input_selector}</arg>
<doc>Verifies that the element identified by ``locator`` is visible.</doc>
<msg timestamp="20220307 12:28:01.015" level="INFO">Element 'xpath://div[@id="credentials"]//div[@class="field password"]//input' is displayed.</msg>
<status status="PASS" starttime="20220307 12:28:01.001" endtime="20220307 12:28:01.015"/>
</kw>
<kw name="Element Should Be Enabled" library="SeleniumLibrary">
<arg>${input_selector}</arg>
<doc>Verifies that element identified by ``locator`` is enabled.</doc>
<status status="PASS" starttime="20220307 12:28:01.016" endtime="20220307 12:28:01.034"/>
</kw>
<kw name="Input Text" library="SeleniumLibrary">
<arg>${input_selector}</arg>
<arg>${input_value}</arg>
<doc>Types the given ``text`` into the text field identified by ``locator``.</doc>
<msg timestamp="20220307 12:28:01.035" level="INFO">Typing text 'pega123!' into text field 'xpath://div[@id="credentials"]//div[@class="field password"]//input'.</msg>
<status status="PASS" starttime="20220307 12:28:01.034" endtime="20220307 12:28:01.088"/>
</kw>
<kw name="Sleep" library="BuiltIn">
<arg>1s</arg>
<doc>Pauses the test executed for the given time.</doc>
<msg timestamp="20220307 12:28:02.092" level="INFO">Slept 1 second</msg>
<status status="PASS" starttime="20220307 12:28:01.088" endtime="20220307 12:28:02.092"/>
</kw>
<status status="PASS" starttime="20220307 12:28:00.733" endtime="20220307 12:28:02.092"/>
</kw>
<kw name="Click Button" library="SeleniumLibrary">
<arg>${login_mainScreen_login_button}</arg>
<doc>Clicks the button identified by ``locator``.</doc>
<msg timestamp="20220307 12:28:02.093" level="INFO">Clicking button 'xpath://div[@id="credentials"]//button[contains(@class,"loginButton")]'.</msg>
<status status="PASS" starttime="20220307 12:28:02.092" endtime="20220307 12:28:03.557"/>
</kw>
<kw name="Sleep" library="BuiltIn">
<arg>2s</arg>
<doc>Pauses the test executed for the given time.</doc>
<msg timestamp="20220307 12:28:05.558" level="INFO">Slept 2 seconds</msg>
<status status="PASS" starttime="20220307 12:28:03.557" endtime="20220307 12:28:05.558"/>
</kw>
<status status="PASS" starttime="20220307 12:27:59.344" endtime="20220307 12:28:05.558"/>
</kw>
<status status="PASS" starttime="20220307 12:27:59.343" endtime="20220307 12:28:05.558"/>
</kw>
<kw name="When user navigate to APP STUDIO and click Preview">
<kw name="My Logger" library="common_global">
<arg>user login using valid credentials</arg>
<status status="PASS" starttime="20220307 12:28:05.559" endtime="20220307 12:28:05.559"/>
</kw>
<kw name="Switch Studio To APP Studio" library="tasks_common">
<kw name="Sleep" library="BuiltIn">
<arg>2s</arg>
<doc>Pauses the test executed for the given time.</doc>
<msg timestamp="20220307 12:28:07.566" level="INFO">Slept 2 seconds</msg>
<status status="PASS" starttime="20220307 12:28:05.560" endtime="20220307 12:28:07.566"/>
</kw>
<kw name="Wait Until Element Is Visible" library="SeleniumLibrary">
<arg>${header_switch_studio_dropdown}</arg>
<doc>Waits until the element ``locator`` is visible.</doc>
<status status="PASS" starttime="20220307 12:28:07.566" endtime="20220307 12:28:07.583"/>
</kw>
<kw name="Select Dropdown Value" library="tasks_dropdown">
<arg>${header_switch_studio_dropdown}</arg>
<arg>App Studio</arg>
<kw name="Scroll Element Into View" library="SeleniumLibrary">
<arg>${dropdown_selector}</arg>
<doc>Scrolls the element identified by ``locator`` into view.</doc>
<status status="PASS" starttime="20220307 12:28:07.584" endtime="20220307 12:28:07.846"/>
</kw>
<kw name="Element Should Be Visible" library="SeleniumLibrary">
<arg>${dropdown_selector}</arg>
<doc>Verifies that the element identified by ``locator`` is visible.</doc>
<msg timestamp="20220307 12:28:07.857" level="INFO">Element 'xpath://header[@id="l1"]//a[@data-test-id="switch-wks" and @title="Switch Studio"]' is displayed.</msg>
<status status="PASS" starttime="20220307 12:28:07.846" endtime="20220307 12:28:07.857"/>
</kw>
<kw name="Element Should Be Enabled" library="SeleniumLibrary">
<arg>${dropdown_selector}</arg>
<doc>Verifies that element identified by ``locator`` is enabled.</doc>
<status status="PASS" starttime="20220307 12:28:07.857" endtime="20220307 12:28:07.873"/>
</kw>
<kw name="Click Element" library="SeleniumLibrary">
<arg>${dropdown_selector}</arg>
<doc>Click the element identified by ``locator``.</doc>
<msg timestamp="20220307 12:28:07.873" level="INFO">Clicking element 'xpath://header[@id="l1"]//a[@data-test-id="switch-wks" and @title="Switch Studio"]'.</msg>
<status status="PASS" starttime="20220307 12:28:07.873" endtime="20220307 12:28:07.912"/>
</kw>
<kw name="Get Element Attribute" library="SeleniumLibrary">
<var>${attr_class_selector}</var>
<arg>${dropdown_selector}</arg>
<arg>class</arg>
<doc>Returns the value of ``attribute`` from the element ``locator``.</doc>
<msg timestamp="20220307 12:28:07.933" level="INFO">${attr_class_selector} = Application_name</msg>
<status status="PASS" starttime="20220307 12:28:07.912" endtime="20220307 12:28:07.933"/>
</kw>
<kw name="Run Keyword And Return Status" library="BuiltIn">
<var>${is_studio_selector}</var>
<arg>Should Contain</arg>
<arg>${attr_class_selector}</arg>
<arg>Application_name</arg>
<doc>Runs the given keyword with given arguments and returns the status as a Boolean value.</doc>
<kw name="Should Contain" library="BuiltIn">
<arg>${attr_class_selector}</arg>
<arg>Application_name</arg>
<doc>Fails if ``container`` does not contain ``item`` one or more times.</doc>
<status status="PASS" starttime="20220307 12:28:07.933" endtime="20220307 12:28:07.934"/>
</kw>
<msg timestamp="20220307 12:28:07.934" level="INFO">${is_studio_selector} = True</msg>
<status status="PASS" starttime="20220307 12:28:07.933" endtime="20220307 12:28:07.934"/>
</kw>
<kw name="Set Variable" library="BuiltIn">
<var>${selected_dropdown_item}</var>
<arg>${None}</arg>
<doc>Returns the given values which can then be assigned to a variables.</doc>
<msg timestamp="20220307 12:28:07.934" level="INFO">${selected_dropdown_item} = None</msg>
<status status="PASS" starttime="20220307 12:28:07.934" endtime="20220307 12:28:07.934"/>
</kw>
<kw name="Set Variable If" library="BuiltIn">
<var>${selected_dropdown_item}</var>
<arg>"${is_studio_selector}"=="True"</arg>
<arg>${dropdown_menu_item_selectors}\[text()="${dropdown_item_value}"]</arg>
<arg>"${is_studio_selector}"=="False"</arg>
<arg>${menu_panel_wrapper_item_selectors}\[text()="${dropdown_item_value}"]</arg>
<doc>Sets variable based on the given condition.</doc>
<msg timestamp="20220307 12:28:07.934" level="INFO">${selected_dropdown_item} = xpath://div[contains(@class,"content-default dropdown-menu")]//div[contains(@class,"content-item")]//span[@class="menu-item-title"][text()="App Studio"]</msg>
<status status="PASS" starttime="20220307 12:28:07.934" endtime="20220307 12:28:07.934"/>
</kw>
<kw name="Wait Until Element Is Visible" library="SeleniumLibrary">
<arg>${selected_dropdown_item}</arg>
<arg>${DEFAULT_TIMEOUT}</arg>
<doc>Waits until the element ``locator`` is visible.</doc>
<status status="PASS" starttime="20220307 12:28:07.935" endtime="20220307 12:28:08.169"/>
</kw>
<kw name="Wait Until Element Is Enabled" library="SeleniumLibrary">
<arg>${selected_dropdown_item}</arg>
<arg>${DEFAULT_TIMEOUT}</arg>
<doc>Waits until the element ``locator`` is enabled.</doc>
<status status="PASS" starttime="20220307 12:28:08.169" endtime="20220307 12:28:08.186"/>
</kw>
<kw name="Click Element" library="SeleniumLibrary">
<arg>${selected_dropdown_item}</arg>
<doc>Click the element identified by ``locator``.</doc>
<msg timestamp="20220307 12:28:08.187" level="INFO">Clicking element 'xpath://div[contains(@class,"content-default dropdown-menu")]//div[contains(@class,"content-item")]//span[@class="menu-item-title"][text()="App Studio"]'.</msg>
<status status="PASS" starttime="20220307 12:28:08.187" endtime="20220307 12:28:08.244"/>
</kw>
<kw name="Wait Until Element Is Not Visible" library="SeleniumLibrary">
<arg>${selected_dropdown_item}</arg>
<arg>${DEFAULT_TIMEOUT}</arg>
<doc>Waits until the element ``locator`` is not visible.</doc>
<status status="PASS" starttime="20220307 12:28:08.244" endtime="20220307 12:28:08.642"/>
</kw>
<kw name="Sleep" library="BuiltIn">
<arg>1s</arg>
<doc>Pauses the test executed for the given time.</doc>
<msg timestamp="20220307 12:28:09.654" level="INFO">Slept 1 second</msg>
<status status="PASS" starttime="20220307 12:28:08.642" endtime="20220307 12:28:09.654"/>
</kw>
<status status="PASS" starttime="20220307 12:28:07.583" endtime="20220307 12:28:09.654"/>
</kw>
<kw name="Select Frame" library="SeleniumLibrary">
<arg>${app_iframe_parent_selector}</arg>
<doc>Sets frame identified by ``locator`` as the current frame.</doc>
<msg timestamp="20220307 12:28:09.655" level="INFO">Selecting frame 'xpath://iframe[@id="pxExpress"]'.</msg>
<status status="PASS" starttime="20220307 12:28:09.654" endtime="20220307 12:28:10.460"/>
</kw>
<kw name="Select Frame" library="SeleniumLibrary">
<arg>${app_iframe_sub_parent_selector}</arg>
<doc>Sets frame identified by ``locator`` as the current frame.</doc>
<msg timestamp="20220307 12:28:10.461" level="INFO">Selecting frame 'xpath://iframe[@id="FormFactoriFrame"]'.</msg>
<status status="PASS" starttime="20220307 12:28:10.461" endtime="20220307 12:28:10.481"/>
</kw>
<status status="PASS" starttime="20220307 12:28:05.559" endtime="20220307 12:28:10.481"/>
</kw>
<kw name="Preview The App Page" library="tasks_common">
<kw name="Sleep" library="BuiltIn">
<arg>2s</arg>
<doc>Pauses the test executed for the given time.</doc>
<msg timestamp="20220307 12:28:12.484" level="INFO">Slept 2 seconds</msg>
<status status="PASS" starttime="20220307 12:28:10.482" endtime="20220307 12:28:12.484"/>
</kw>
<kw name="Unselect Frame" library="SeleniumLibrary">
<doc>Sets the main frame as the current frame.</doc>
<status status="PASS" starttime="20220307 12:28:12.484" endtime="20220307 12:28:12.486"/>
</kw>
<kw name="Select Frame" library="SeleniumLibrary">
<arg>${app_iframe_parent_selector}</arg>
<doc>Sets frame identified by ``locator`` as the current frame.</doc>
<msg timestamp="20220307 12:28:12.487" level="INFO">Selecting frame 'xpath://iframe[@id="pxExpress"]'.</msg>
<status status="PASS" starttime="20220307 12:28:12.486" endtime="20220307 12:28:12.501"/>
</kw>
<kw name="Wait Until Element Is Visible" library="SeleniumLibrary">
<arg>${studio_vrbank_header_preview_button}</arg>
<doc>Waits until the element ``locator`` is visible.</doc>
<status status="PASS" starttime="20220307 12:28:12.501" endtime="20220307 12:28:12.520"/>
</kw>
<kw name="Click Element" library="SeleniumLibrary">
<arg>${studio_vrbank_header_preview_button}</arg>
<doc>Click the element identified by ``locator``.</doc>
<msg timestamp="20220307 12:28:12.521" level="INFO">Clicking element 'xpath://header[@id="l1"]//div[contains(@class,"back-to-preview") and not(contains(@class,"hidden"))]'.</msg>
<status status="PASS" starttime="20220307 12:28:12.520" endtime="20220307 12:28:12.630"/>
</kw>
<kw name="Select Frame" library="SeleniumLibrary">
<arg>${app_iframe_sub_parent_selector}</arg>
<doc>Sets frame identified by ``locator`` as the current frame.</doc>
<msg timestamp="20220307 12:28:12.630" level="INFO">Selecting frame 'xpath://iframe[@id="FormFactoriFrame"]'.</msg>
<status status="PASS" starttime="20220307 12:28:12.630" endtime="20220307 12:28:12.642"/>
</kw>
<status status="PASS" starttime="20220307 12:28:10.482" endtime="20220307 12:28:12.643"/>
</kw>
<kw name="Exit Preview The App Page" library="tasks_common">
<kw name="Sleep" library="BuiltIn">
<arg>2s</arg>
<doc>Pauses the test executed for the given time.</doc>
<msg timestamp="20220307 12:28:14.652" level="INFO">Slept 2 seconds</msg>
<status status="PASS" starttime="20220307 12:28:12.643" endtime="20220307 12:28:14.652"/>
</kw>
<kw name="Unselect Frame" library="SeleniumLibrary">
<doc>Sets the main frame as the current frame.</doc>
<status status="PASS" starttime="20220307 12:28:14.652" endtime="20220307 12:28:14.654"/>
</kw>
<kw name="Select Frame" library="SeleniumLibrary">
<arg>${app_iframe_parent_selector}</arg>
<doc>Sets frame identified by ``locator`` as the current frame.</doc>
<msg timestamp="20220307 12:28:14.654" level="INFO">Selecting frame 'xpath://iframe[@id="pxExpress"]'.</msg>
<status status="PASS" starttime="20220307 12:28:14.654" endtime="20220307 12:28:14.665"/>
</kw>
<kw name="Wait Until Element Is Visible" library="SeleniumLibrary">
<arg>${studio_vrbank_header_exit_preview_button}</arg>
<doc>Waits until the element ``locator`` is visible.</doc>
<status status="PASS" starttime="20220307 12:28:14.665" endtime="20220307 12:28:14.682"/>
</kw>
<kw name="Click Element" library="SeleniumLibrary">
<arg>${studio_vrbank_header_exit_preview_button}</arg>
<doc>Click the element identified by ``locator``.</doc>
<msg timestamp="20220307 12:28:14.682" level="INFO">Clicking element 'xpath://header[@id="l1"]//div[contains(@class,"back-to-edit") and not(contains(@class,"hidden"))]'.</msg>
<status status="PASS" starttime="20220307 12:28:14.682" endtime="20220307 12:28:14.749"/>
</kw>
<kw name="Select Frame" library="SeleniumLibrary">
<arg>${app_iframe_sub_parent_selector}</arg>
<doc>Sets frame identified by ``locator`` as the current frame.</doc>
<msg timestamp="20220307 12:28:14.749" level="INFO">Selecting frame 'xpath://iframe[@id="FormFactoriFrame"]'.</msg>
<status status="PASS" starttime="20220307 12:28:14.749" endtime="20220307 12:28:14.763"/>
</kw>
<status status="PASS" starttime="20220307 12:28:12.643" endtime="20220307 12:28:14.763"/>
</kw>
<kw name="Preview The App Page" library="tasks_common">
<kw name="Sleep" library="BuiltIn">
<arg>2s</arg>
<doc>Pauses the test executed for the given time.</doc>
<msg timestamp="20220307 12:28:16.769" level="INFO">Slept 2 seconds</msg>
<status status="PASS" starttime="20220307 12:28:14.763" endtime="20220307 12:28:16.769"/>
</kw>
<kw name="Unselect Frame" library="SeleniumLibrary">
<doc>Sets the main frame as the current frame.</doc>
<status status="PASS" starttime="20220307 12:28:16.769" endtime="20220307 12:28:16.771"/>
</kw>
<kw name="Select Frame" library="SeleniumLibrary">
<arg>${app_iframe_parent_selector}</arg>
<doc>Sets frame identified by ``locator`` as the current frame.</doc>
<msg timestamp="20220307 12:28:16.771" level="INFO">Selecting frame 'xpath://iframe[@id="pxExpress"]'.</msg>
<status status="PASS" starttime="20220307 12:28:16.771" endtime="20220307 12:28:16.782"/>
</kw>
<kw name="Wait Until Element Is Visible" library="SeleniumLibrary">
<arg>${studio_vrbank_header_preview_button}</arg>
<doc>Waits until the element ``locator`` is visible.</doc>
<status status="PASS" starttime="20220307 12:28:16.782" endtime="20220307 12:28:16.792"/>
</kw>
<kw name="Click Element" library="SeleniumLibrary">
<arg>${studio_vrbank_header_preview_button}</arg>
<doc>Click the element identified by ``locator``.</doc>
<msg timestamp="20220307 12:28:16.793" level="INFO">Clicking element 'xpath://header[@id="l1"]//div[contains(@class,"back-to-preview") and not(contains(@class,"hidden"))]'.</msg>
<status status="PASS" starttime="20220307 12:28:16.792" endtime="20220307 12:28:16.876"/>
</kw>
<kw name="Select Frame" library="SeleniumLibrary">
<arg>${app_iframe_sub_parent_selector}</arg>
<doc>Sets frame identified by ``locator`` as the current frame.</doc>
<msg timestamp="20220307 12:28:16.877" level="INFO">Selecting frame 'xpath://iframe[@id="FormFactoriFrame"]'.</msg>
<status status="PASS" starttime="20220307 12:28:16.876" endtime="20220307 12:28:16.888"/>
</kw>
<status status="PASS" starttime="20220307 12:28:14.763" endtime="20220307 12:28:16.889"/>
</kw>
<status status="PASS" starttime="20220307 12:28:05.559" endtime="20220307 12:28:16.889"/>
</kw>
<kw name="Then user should see the VR Bank Page">
<kw name="My Logger" library="common_global">
<arg>user login using valid credentials</arg>
<status status="PASS" starttime="20220307 12:28:16.889" endtime="20220307 12:28:16.890"/>
</kw>
<kw name="Verify Page Elements should be Visible" library="assertions_common">
<arg>@{vrbank_nav_field_elements}</arg>
<kw name="My Logger" library="common_global">
<arg>PERFORMING: Verify Page Elements should be Visible</arg>
<status status="PASS" starttime="20220307 12:28:16.890" endtime="20220307 12:28:16.890"/>
</kw>
<for flavor="IN">
<var>${page_elements}</var>
<value>@{list_page_elements}</value>
<iter>
<var name="${page_elements}">xpath://div[@data-portalharnessinsname="Data-Portal!UserPortal"]//aside[@data-skip-target="navigation"]//img[@data-ctl="Icon"]</var>
<kw name="Scroll Element Into View" library="SeleniumLibrary">
<arg>${page_elements}</arg>
<doc>Scrolls the element identified by ``locator`` into view.</doc>
<status status="PASS" starttime="20220307 12:28:16.890" endtime="20220307 12:28:17.196"/>
</kw>
<kw name="Element Should Be Visible" library="SeleniumLibrary">
<arg>${page_elements}</arg>
<doc>Verifies that the element identified by ``locator`` is visible.</doc>
<msg timestamp="20220307 12:28:17.208" level="INFO">Element 'xpath://div[@data-portalharnessinsname="Data-Portal!UserPortal"]//aside[@data-skip-target="navigation"]//img[@data-ctl="Icon"]' is displayed.</msg>
<status status="PASS" starttime="20220307 12:28:17.196" endtime="20220307 12:28:17.208"/>
</kw>
<status status="PASS" starttime="20220307 12:28:16.890" endtime="20220307 12:28:17.208"/>
</iter>
<iter>
<var name="${page_elements}">xpath://div[@data-portalharnessinsname="Data-Portal!UserPortal"]//aside[@data-skip-target="navigation"]//button[contains(@name,"WorkSearchGadget")]</var>
<kw name="Scroll Element Into View" library="SeleniumLibrary">
<arg>${page_elements}</arg>
<doc>Scrolls the element identified by ``locator`` into view.</doc>
<status status="PASS" starttime="20220307 12:28:17.208" endtime="20220307 12:28:17.503"/>
</kw>
<kw name="Element Should Be Visible" library="SeleniumLibrary">
<arg>${page_elements}</arg>
<doc>Verifies that the element identified by ``locator`` is visible.</doc>
<msg timestamp="20220307 12:28:17.520" level="INFO">Element 'xpath://div[@data-portalharnessinsname="Data-Portal!UserPortal"]//aside[@data-skip-target="navigation"]//button[contains(@name,"WorkSearchGadget")]' is displayed.</msg>
<status status="PASS" starttime="20220307 12:28:17.503" endtime="20220307 12:28:17.521"/>
</kw>
<status status="PASS" starttime="20220307 12:28:17.208" endtime="20220307 12:28:17.521"/>
</iter>
<iter>
<var name="${page_elements}">xpath://div[@data-portalharnessinsname="Data-Portal!UserPortal"]//aside[@data-skip-target="navigation"]//div[@data-tour-id="cm-create-case-menu"]</var>
<kw name="Scroll Element Into View" library="SeleniumLibrary">
<arg>${page_elements}</arg>
<doc>Scrolls the element identified by ``locator`` into view.</doc>
<status status="PASS" starttime="20220307 12:28:17.521" endtime="20220307 12:28:17.830"/>
</kw>
<kw name="Element Should Be Visible" library="SeleniumLibrary">
<arg>${page_elements}</arg>
<doc>Verifies that the element identified by ``locator`` is visible.</doc>
<msg timestamp="20220307 12:28:17.841" level="INFO">Element 'xpath://div[@data-portalharnessinsname="Data-Portal!UserPortal"]//aside[@data-skip-target="navigation"]//div[@data-tour-id="cm-create-case-menu"]' is displayed.</msg>
<status status="PASS" starttime="20220307 12:28:17.830" endtime="20220307 12:28:17.841"/>
</kw>
<status status="PASS" starttime="20220307 12:28:17.521" endtime="20220307 12:28:17.841"/>
</iter>
<iter>
<var name="${page_elements}">xpath://div[contains(@class,"menu-format-primary-navigation")]//li[@data-test-id="dynamic-nav-menu_1" or contains(@class,"menu-item-enabled")][1]</var>
<kw name="Scroll Element Into View" library="SeleniumLibrary">
<arg>${page_elements}</arg>
<doc>Scrolls the element identified by ``locator`` into view.</doc>
<status status="PASS" starttime="20220307 12:28:17.841" endtime="20220307 12:28:18.129"/>
</kw>
<kw name="Element Should Be Visible" library="SeleniumLibrary">
<arg>${page_elements}</arg>
<doc>Verifies that the element identified by ``locator`` is visible.</doc>
<msg timestamp="20220307 12:28:18.141" level="INFO">Element 'xpath://div[contains(@class,"menu-format-primary-navigation")]//li[@data-test-id="dynamic-nav-menu_1" or contains(@class,"menu-item-enabled")][1]' is displayed.</msg>
<status status="PASS" starttime="20220307 12:28:18.129" endtime="20220307 12:28:18.141"/>
</kw>
<status status="PASS" starttime="20220307 12:28:17.841" endtime="20220307 12:28:18.141"/>
</iter>
<iter>
<var name="${page_elements}">xpath://div[contains(@class,"menu-format-primary-navigation")]//li[@data-test-id="dynamic-nav-menu_2" or contains(@class,"menu-item-enabled")][2]</var>
<kw name="Scroll Element Into View" library="SeleniumLibrary">
<arg>${page_elements}</arg>
<doc>Scrolls the element identified by ``locator`` into view.</doc>
<status status="PASS" starttime="20220307 12:28:18.141" endtime="20220307 12:28:18.430"/>
</kw>
<kw name="Element Should Be Visible" library="SeleniumLibrary">
<arg>${page_elements}</arg>
<doc>Verifies that the element identified by ``locator`` is visible.</doc>
<msg timestamp="20220307 12:28:18.442" level="INFO">Element 'xpath://div[contains(@class,"menu-format-primary-navigation")]//li[@data-test-id="dynamic-nav-menu_2" or contains(@class,"menu-item-enabled")][2]' is displayed.</msg>
<status status="PASS" starttime="20220307 12:28:18.430" endtime="20220307 12:28:18.442"/>
</kw>
<status status="PASS" starttime="20220307 12:28:18.141" endtime="20220307 12:28:18.442"/>
</iter>
<iter>
<var name="${page_elements}">xpath://div[contains(@class,"menu-format-primary-navigation")]//li[@data-test-id="dynamic-nav-menu_3" or contains(@class,"menu-item-enabled")][3]</var>
<kw name="Scroll Element Into View" library="SeleniumLibrary">
<arg>${page_elements}</arg>
<doc>Scrolls the element identified by ``locator`` into view.</doc>
<status status="PASS" starttime="20220307 12:28:18.442" endtime="20220307 12:28:18.735"/>
</kw>
<kw name="Element Should Be Visible" library="SeleniumLibrary">
<arg>${page_elements}</arg>
<doc>Verifies that the element identified by ``locator`` is visible.</doc>
<msg timestamp="20220307 12:28:18.760" level="INFO">Element 'xpath://div[contains(@class,"menu-format-primary-navigation")]//li[@data-test-id="dynamic-nav-menu_3" or contains(@class,"menu-item-enabled")][3]' is displayed.</msg>
<status status="PASS" starttime="20220307 12:28:18.735" endtime="20220307 12:28:18.760"/>
</kw>
<status status="PASS" starttime="20220307 12:28:18.442" endtime="20220307 12:28:18.760"/>
</iter>
<iter>
<var name="${page_elements}">xpath://div[contains(@class,"menu-format-primary-navigation")]//li[@data-test-id="dynamic-nav-menu_4" or contains(@class,"menu-item-enabled")][4]</var>
<kw name="Scroll Element Into View" library="SeleniumLibrary">
<arg>${page_elements}</arg>
<doc>Scrolls the element identified by ``locator`` into view.</doc>
<status status="PASS" starttime="20220307 12:28:18.761" endtime="20220307 12:28:19.063"/>
</kw>
<kw name="Element Should Be Visible" library="SeleniumLibrary">
<arg>${page_elements}</arg>
<doc>Verifies that the element identified by ``locator`` is visible.</doc>
<msg timestamp="20220307 12:28:19.075" level="INFO">Element 'xpath://div[contains(@class,"menu-format-primary-navigation")]//li[@data-test-id="dynamic-nav-menu_4" or contains(@class,"menu-item-enabled")][4]' is displayed.</msg>
<status status="PASS" starttime="20220307 12:28:19.063" endtime="20220307 12:28:19.075"/>
</kw>
<status status="PASS" starttime="20220307 12:28:18.760" endtime="20220307 12:28:19.075"/>
</iter>
<iter>
<var name="${page_elements}">xpath://div[contains(@class,"menu-format-primary-navigation")]//li[@data-test-id="dynamic-nav-menu_6" or contains(@class,"menu-item-enabled")][5]</var>
<kw name="Scroll Element Into View" library="SeleniumLibrary">
<arg>${page_elements}</arg>
<doc>Scrolls the element identified by ``locator`` into view.</doc>
<status status="PASS" starttime="20220307 12:28:19.075" endtime="20220307 12:28:19.362"/>
</kw>
<kw name="Element Should Be Visible" library="SeleniumLibrary">
<arg>${page_elements}</arg>
<doc>Verifies that the element identified by ``locator`` is visible.</doc>
<msg timestamp="20220307 12:28:19.373" level="INFO">Element 'xpath://div[contains(@class,"menu-format-primary-navigation")]//li[@data-test-id="dynamic-nav-menu_6" or contains(@class,"menu-item-enabled")][5]' is displayed.</msg>
<status status="PASS" starttime="20220307 12:28:19.362" endtime="20220307 12:28:19.374"/>
</kw>
<status status="PASS" starttime="20220307 12:28:19.075" endtime="20220307 12:28:19.374"/>
</iter>
<iter>
<var name="${page_elements}">xpath://div[@data-portalharnessinsname="Data-Portal!UserPortal"]//aside[@data-skip-target="navigation"]//div[contains(@class,"user-menu")]//li[contains(@class,"menu-item-enabled")][1]</var>
<kw name="Scroll Element Into View" library="SeleniumLibrary">
<arg>${page_elements}</arg>
<doc>Scrolls the element identified by ``locator`` into view.</doc>
<status status="PASS" starttime="20220307 12:28:19.374" endtime="20220307 12:28:19.664"/>
</kw>
<kw name="Element Should Be Visible" library="SeleniumLibrary">
<arg>${page_elements}</arg>
<doc>Verifies that the element identified by ``locator`` is visible.</doc>
<msg timestamp="20220307 12:28:19.676" level="INFO">Element 'xpath://div[@data-portalharnessinsname="Data-Portal!UserPortal"]//aside[@data-skip-target="navigation"]//div[contains(@class,"user-menu")]//li[contains(@class,"menu-item-enabled")][1]' is displayed.</msg>
<status status="PASS" starttime="20220307 12:28:19.664" endtime="20220307 12:28:19.676"/>
</kw>
<status status="PASS" starttime="20220307 12:28:19.374" endtime="20220307 12:28:19.676"/>
</iter>
<iter>
<var name="${page_elements}">xpath://div[@data-portalharnessinsname="Data-Portal!UserPortal"]//aside[@data-skip-target="navigation"]//div[contains(@class,"user-menu")]//li[contains(@class,"menu-item-enabled")][2]</var>
<kw name="Scroll Element Into View" library="SeleniumLibrary">
<arg>${page_elements}</arg>
<doc>Scrolls the element identified by ``locator`` into view.</doc>
<status status="PASS" starttime="20220307 12:28:19.676" endtime="20220307 12:28:19.973"/>
</kw>
<kw name="Element Should Be Visible" library="SeleniumLibrary">
<arg>${page_elements}</arg>
<doc>Verifies that the element identified by ``locator`` is visible.</doc>
<msg timestamp="20220307 12:28:19.984" level="INFO">Element 'xpath://div[@data-portalharnessinsname="Data-Portal!UserPortal"]//aside[@data-skip-target="navigation"]//div[contains(@class,"user-menu")]//li[contains(@class,"menu-item-enabled")][2]' is displayed.</msg>
<status status="PASS" starttime="20220307 12:28:19.973" endtime="20220307 12:28:19.985"/>
</kw>
<status status="PASS" starttime="20220307 12:28:19.676" endtime="20220307 12:28:19.985"/>
</iter>
<iter>
<var name="${page_elements}">xpath://div[@data-portalharnessinsname="Data-Portal!UserPortal"]//aside[@data-skip-target="navigation"]//div[contains(@class,"user-menu")]//li[contains(@class,"menu-item-enabled")][3]</var>
<kw name="Scroll Element Into View" library="SeleniumLibrary">
<arg>${page_elements}</arg>
<doc>Scrolls the element identified by ``locator`` into view.</doc>
<status status="PASS" starttime="20220307 12:28:19.985" endtime="20220307 12:28:20.269"/>
</kw>
<kw name="Element Should Be Visible" library="SeleniumLibrary">
<arg>${page_elements}</arg>
<doc>Verifies that the element identified by ``locator`` is visible.</doc>
<msg timestamp="20220307 12:28:20.281" level="INFO">Element 'xpath://div[@data-portalharnessinsname="Data-Portal!UserPortal"]//aside[@data-skip-target="navigation"]//div[contains(@class,"user-menu")]//li[contains(@class,"menu-item-enabled")][3]' is displayed.</msg>
<status status="PASS" starttime="20220307 12:28:20.269" endtime="20220307 12:28:20.281"/>
</kw>
<status status="PASS" starttime="20220307 12:28:19.985" endtime="20220307 12:28:20.281"/>
</iter>
<iter>
<var name="${page_elements}">xpath://div[@data-portalharnessinsname="Data-Portal!UserPortal"]//aside[@data-skip-target="navigation"]//div[contains(@class,"operator-avatar")]</var>
<kw name="Scroll Element Into View" library="SeleniumLibrary">
<arg>${page_elements}</arg>
<doc>Scrolls the element identified by ``locator`` into view.</doc>
<status status="PASS" starttime="20220307 12:28:20.281" endtime="20220307 12:28:20.567"/>
</kw>
<kw name="Element Should Be Visible" library="SeleniumLibrary">
<arg>${page_elements}</arg>
<doc>Verifies that the element identified by ``locator`` is visible.</doc>
<msg timestamp="20220307 12:28:20.579" level="INFO">Element 'xpath://div[@data-portalharnessinsname="Data-Portal!UserPortal"]//aside[@data-skip-target="navigation"]//div[contains(@class,"operator-avatar")]' is displayed.</msg>
<status status="PASS" starttime="20220307 12:28:20.568" endtime="20220307 12:28:20.580"/>
</kw>
<status status="PASS" starttime="20220307 12:28:20.281" endtime="20220307 12:28:20.580"/>
</iter>
<status status="PASS" starttime="20220307 12:28:16.890" endtime="20220307 12:28:20.580"/>
</for>
<status status="PASS" starttime="20220307 12:28:16.890" endtime="20220307 12:28:20.580"/>
</kw>
<kw name="Logoff User" library="tasks_common">
<kw name="Select Dropdown Value" library="tasks_dropdown">
<arg>${vrbank_nav_user_button}</arg>
<arg>Log off</arg>
<kw name="Scroll Element Into View" library="SeleniumLibrary">
<arg>${dropdown_selector}</arg>
<doc>Scrolls the element identified by ``locator`` into view.</doc>
<status status="PASS" starttime="20220307 12:28:20.581" endtime="20220307 12:28:20.863"/>
</kw>
<kw name="Element Should Be Visible" library="SeleniumLibrary">
<arg>${dropdown_selector}</arg>
<doc>Verifies that the element identified by ``locator`` is visible.</doc>
<msg timestamp="20220307 12:28:20.874" level="INFO">Element 'xpath://div[@data-portalharnessinsname="Data-Portal!UserPortal"]//aside[@data-skip-target="navigation"]//div[contains(@class,"operator-avatar")]' is displayed.</msg>
<status status="PASS" starttime="20220307 12:28:20.863" endtime="20220307 12:28:20.874"/>
</kw>
<kw name="Element Should Be Enabled" library="SeleniumLibrary">
<arg>${dropdown_selector}</arg>
<doc>Verifies that element identified by ``locator`` is enabled.</doc>
<status status="PASS" starttime="20220307 12:28:20.874" endtime="20220307 12:28:20.894"/>
</kw>
<kw name="Click Element" library="SeleniumLibrary">
<arg>${dropdown_selector}</arg>
<doc>Click the element identified by ``locator``.</doc>
<msg timestamp="20220307 12:28:20.894" level="INFO">Clicking element 'xpath://div[@data-portalharnessinsname="Data-Portal!UserPortal"]//aside[@data-skip-target="navigation"]//div[contains(@class,"operator-avatar")]'.</msg>
<status status="PASS" starttime="20220307 12:28:20.894" endtime="20220307 12:28:20.977"/>
</kw>
<kw name="Get Element Attribute" library="SeleniumLibrary">
<var>${attr_class_selector}</var>
<arg>${dropdown_selector}</arg>
<arg>class</arg>
<doc>Returns the value of ``attribute`` from the element ``locator``.</doc>
<msg timestamp="20220307 12:28:21.097" level="INFO">${attr_class_selector} =  flex content layout-content-inline_middle  content-inline_middle pointer has-action operator-avatar</msg>
<status status="PASS" starttime="20220307 12:28:20.978" endtime="20220307 12:28:21.097"/>
</kw>
<kw name="Run Keyword And Return Status" library="BuiltIn">
<var>${is_studio_selector}</var>
<arg>Should Contain</arg>
<arg>${attr_class_selector}</arg>
<arg>Application_name</arg>
<doc>Runs the given keyword with given arguments and returns the status as a Boolean value.</doc>
<kw name="Should Contain" library="BuiltIn">
<arg>${attr_class_selector}</arg>
<arg>Application_name</arg>
<doc>Fails if ``container`` does not contain ``item`` one or more times.</doc>
<msg timestamp="20220307 12:28:21.098" level="FAIL">' flex content layout-content-inline_middle  content-inline_middle pointer has-action operator-avatar' does not contain 'Application_name'</msg>
<status status="FAIL" starttime="20220307 12:28:21.098" endtime="20220307 12:28:21.099"/>
</kw>
<msg timestamp="20220307 12:28:21.099" level="INFO">${is_studio_selector} = False</msg>
<status status="PASS" starttime="20220307 12:28:21.097" endtime="20220307 12:28:21.099"/>
</kw>
<kw name="Set Variable" library="BuiltIn">
<var>${selected_dropdown_item}</var>
<arg>${None}</arg>
<doc>Returns the given values which can then be assigned to a variables.</doc>
<msg timestamp="20220307 12:28:21.099" level="INFO">${selected_dropdown_item} = None</msg>
<status status="PASS" starttime="20220307 12:28:21.099" endtime="20220307 12:28:21.099"/>
</kw>
<kw name="Set Variable If" library="BuiltIn">
<var>${selected_dropdown_item}</var>
<arg>"${is_studio_selector}"=="True"</arg>
<arg>${dropdown_menu_item_selectors}\[text()="${dropdown_item_value}"]</arg>
<arg>"${is_studio_selector}"=="False"</arg>
<arg>${menu_panel_wrapper_item_selectors}\[text()="${dropdown_item_value}"]</arg>
<doc>Sets variable based on the given condition.</doc>
<kw name="Set Variable If" library="BuiltIn">
<arg>"${is_studio_selector}"=="False"</arg>
<arg>${menu_panel_wrapper_item_selectors}\[text()="${dropdown_item_value}"]</arg>
<doc>Sets variable based on the given condition.</doc>
<status status="PASS" starttime="20220307 12:28:21.099" endtime="20220307 12:28:21.100"/>
</kw>
<msg timestamp="20220307 12:28:21.100" level="INFO">${selected_dropdown_item} = xpath://div[contains(@class,"menu-panel-wrapper")]//ul[@style="display: block;"]//li[contains(@class,"menu-item-enabled")]//span[@class="menu-item-title"][text()="Log off"]</msg>
<status status="PASS" starttime="20220307 12:28:21.099" endtime="20220307 12:28:21.100"/>
</kw>
<kw name="Wait Until Element Is Visible" library="SeleniumLibrary">
<arg>${selected_dropdown_item}</arg>
<arg>${DEFAULT_TIMEOUT}</arg>
<doc>Waits until the element ``locator`` is visible.</doc>
<status status="PASS" starttime="20220307 12:28:21.100" endtime="20220307 12:28:21.115"/>
</kw>
<kw name="Wait Until Element Is Enabled" library="SeleniumLibrary">
<arg>${selected_dropdown_item}</arg>
<arg>${DEFAULT_TIMEOUT}</arg>
<doc>Waits until the element ``locator`` is enabled.</doc>
<status status="PASS" starttime="20220307 12:28:21.115" endtime="20220307 12:28:21.132"/>
</kw>
<kw name="Click Element" library="SeleniumLibrary">
<arg>${selected_dropdown_item}</arg>
<doc>Click the element identified by ``locator``.</doc>
<msg timestamp="20220307 12:28:21.132" level="INFO">Clicking element 'xpath://div[contains(@class,"menu-panel-wrapper")]//ul[@style="display: block;"]//li[contains(@class,"menu-item-enabled")]//span[@class="menu-item-title"][text()="Log off"]'.</msg>
<status status="PASS" starttime="20220307 12:28:21.132" endtime="20220307 12:28:21.349"/>
</kw>
<kw name="Wait Until Element Is Not Visible" library="SeleniumLibrary">
<arg>${selected_dropdown_item}</arg>
<arg>${DEFAULT_TIMEOUT}</arg>
<doc>Waits until the element ``locator`` is not visible.</doc>
<status status="PASS" starttime="20220307 12:28:21.349" endtime="20220307 12:28:21.355"/>
</kw>
<kw name="Sleep" library="BuiltIn">
<arg>1s</arg>
<doc>Pauses the test executed for the given time.</doc>
<msg timestamp="20220307 12:28:22.359" level="INFO">Slept 1 second</msg>
<status status="PASS" starttime="20220307 12:28:21.355" endtime="20220307 12:28:22.359"/>
</kw>
<status status="PASS" starttime="20220307 12:28:20.580" endtime="20220307 12:28:22.359"/>
</kw>
<kw name="Sleep" library="BuiltIn">
<arg>2s</arg>
<doc>Pauses the test executed for the given time.</doc>
<msg timestamp="20220307 12:28:24.368" level="INFO">Slept 2 seconds</msg>
<status status="PASS" starttime="20220307 12:28:22.359" endtime="20220307 12:28:24.368"/>
</kw>
<status status="PASS" starttime="20220307 12:28:20.580" endtime="20220307 12:28:24.368"/>
</kw>
<status status="PASS" starttime="20220307 12:28:16.889" endtime="20220307 12:28:24.368"/>
</kw>
<kw name="And user verify that the all fields is Visible">
<kw name="My Logger" library="common_global">
<arg>user login using valid credentials</arg>
<status status="PASS" starttime="20220307 12:28:24.369" endtime="20220307 12:28:24.369"/>
</kw>
<status status="PASS" starttime="20220307 12:28:24.369" endtime="20220307 12:28:24.369"/>
</kw>
<kw name="Close Application" library="CommonGlobal" type="TEARDOWN">
<kw name="Sleep" library="BuiltIn">
<arg>2s</arg>
<doc>Pauses the test executed for the given time.</doc>
<msg timestamp="20220307 12:28:26.383" level="INFO">Slept 2 seconds</msg>
<status status="PASS" starttime="20220307 12:28:24.370" endtime="20220307 12:28:26.383"/>
</kw>
<kw name="Close Browser" library="SeleniumLibrary" type="TEARDOWN">
<doc>Closes the current browser.</doc>
<status status="PASS" starttime="20220307 12:28:26.383" endtime="20220307 12:28:28.483"/>
</kw>
<status status="PASS" starttime="20220307 12:28:24.370" endtime="20220307 12:28:28.483"/>
</kw>
<doc>Validate Verify PEGA VR Bank Page</doc>
<tag>Regression</tag>
<status status="PASS" starttime="20220307 12:27:55.885" endtime="20220307 12:28:28.483"/>
</test>
<status status="PASS" starttime="20220307 12:27:55.662" endtime="20220307 12:28:28.485"/>
</suite>
<suite id="s1-s1-s2" name="Validate Verify Login Page" source="Z:\Automation\Python\HCL_PEGA_ING\TestSuites\Regression\Validate_Verify_Login_Page.robot">
<test id="s1-s1-s2-t1" name="Validate and Verify Login Page">
<kw name="Open Application" library="CommonGlobal" type="SETUP">
<kw name="Set Environment Variable" library="OperatingSystem">
<arg>webdriver.chrome.driver</arg>
<arg>${EXECDIR}\\attest\\bin</arg>
<doc>Sets an environment variable to a specified value.</doc>
<msg timestamp="20220307 12:28:28.514" level="INFO">Environment variable 'webdriver.chrome.driver' set to value 'Z:\Automation\Python\HCL_PEGA_ING\attest\bin'.</msg>
<status status="PASS" starttime="20220307 12:28:28.514" endtime="20220307 12:28:28.514"/>
</kw>
<kw name="Create Webdriver" library="SeleniumLibrary">
<arg>Chrome</arg>
<arg>executable_path=${EXECDIR}\\attest\\bin\\chromedriver.exe</arg>
<doc>Creates an instance of Selenium WebDriver.</doc>
<msg timestamp="20220307 12:28:28.515" level="INFO">Creating an instance of the Chrome WebDriver.</msg>
<status status="PASS" starttime="20220307 12:28:28.515" endtime="20220307 12:28:29.691"/>
</kw>
<kw name="Go To" library="SeleniumLibrary">
<arg>${app_url}</arg>
<doc>Navigates the current browser window to the provided ``url``.</doc>
<msg timestamp="20220307 12:28:29.691" level="INFO">Opening url 'http://localhost:8080/prweb/PRServlet'</msg>
<status status="PASS" starttime="20220307 12:28:29.691" endtime="20220307 12:28:29.787"/>
</kw>
<kw name="Maximize Browser Window" library="SeleniumLibrary">
<doc>Maximizes current browser window.</doc>
<status status="PASS" starttime="20220307 12:28:29.787" endtime="20220307 12:28:29.903"/>
</kw>
<kw name="Wait Until Location Contains" library="SeleniumLibrary">
<arg>${app_url}</arg>
<doc>Waits until the current URL contains ``expected``.</doc>
<status status="PASS" starttime="20220307 12:28:29.903" endtime="20220307 12:28:29.907"/>
</kw>
<kw name="Location Should Contain" library="SeleniumLibrary">
<arg>${app_url}</arg>
<doc>Verifies that the current URL contains ``expected``.</doc>
<msg timestamp="20220307 12:28:29.910" level="INFO">Current location contains 'http://localhost:8080/prweb/PRServlet'.</msg>
<status status="PASS" starttime="20220307 12:28:29.907" endtime="20220307 12:28:29.910"/>
</kw>
<kw name="Sleep" library="BuiltIn">
<arg>2s</arg>
<doc>Pauses the test executed for the given time.</doc>
<msg timestamp="20220307 12:28:31.913" level="INFO">Slept 2 seconds</msg>
<status status="PASS" starttime="20220307 12:28:29.910" endtime="20220307 12:28:31.913"/>
</kw>
<status status="PASS" starttime="20220307 12:28:28.514" endtime="20220307 12:28:31.913"/>
</kw>
<kw name="Given that the user should navigate in PEGA Login Page">
<kw name="My Logger" library="common_global">
<arg>that the user should navigate in PEGA Login Page</arg>
<status status="PASS" starttime="20220307 12:28:31.914" endtime="20220307 12:28:31.914"/>
</kw>
<kw name="Location Should Contain" library="SeleniumLibrary">
<arg>${LOGIN_URL}</arg>
<doc>Verifies that the current URL contains ``expected``.</doc>
<msg timestamp="20220307 12:28:31.917" level="INFO">Current location contains 'http://localhost:8080/prweb/PRServlet'.</msg>
<status status="PASS" starttime="20220307 12:28:31.914" endtime="20220307 12:28:31.917"/>
</kw>
<status status="PASS" starttime="20220307 12:28:31.914" endtime="20220307 12:28:31.917"/>
</kw>
<kw name="And user verify the Login Page Elements is Visible">
<kw name="My Logger" library="common_global">
<arg>user verify the Login Page Elements is Visible</arg>
<status status="PASS" starttime="20220307 12:28:31.917" endtime="20220307 12:28:31.917"/>
</kw>
<kw name="Verify Page Elements should be Visible" library="assertions_common">
<arg>@{login_required_fields_elements}</arg>
<kw name="My Logger" library="common_global">
<arg>PERFORMING: Verify Page Elements should be Visible</arg>
<status status="PASS" starttime="20220307 12:28:31.918" endtime="20220307 12:28:31.918"/>
</kw>
<for flavor="IN">
<var>${page_elements}</var>
<value>@{list_page_elements}</value>
<iter>
<var name="${page_elements}">xpath://div[@id="credentials"]//div[@class="field user"]//input</var>
<kw name="Scroll Element Into View" library="SeleniumLibrary">
<arg>${page_elements}</arg>
<doc>Scrolls the element identified by ``locator`` into view.</doc>
<status status="PASS" starttime="20220307 12:28:31.918" endtime="20220307 12:28:32.185"/>
</kw>
<kw name="Element Should Be Visible" library="SeleniumLibrary">
<arg>${page_elements}</arg>
<doc>Verifies that the element identified by ``locator`` is visible.</doc>
<msg timestamp="20220307 12:28:32.204" level="INFO">Element 'xpath://div[@id="credentials"]//div[@class="field user"]//input' is displayed.</msg>
<status status="PASS" starttime="20220307 12:28:32.185" endtime="20220307 12:28:32.204"/>
</kw>
<status status="PASS" starttime="20220307 12:28:31.918" endtime="20220307 12:28:32.204"/>
</iter>
<iter>
<var name="${page_elements}">xpath://div[@id="credentials"]//div[@class="field password"]//input</var>
<kw name="Scroll Element Into View" library="SeleniumLibrary">
<arg>${page_elements}</arg>
<doc>Scrolls the element identified by ``locator`` into view.</doc>
<status status="PASS" starttime="20220307 12:28:32.204" endtime="20220307 12:28:32.481"/>
</kw>
<kw name="Element Should Be Visible" library="SeleniumLibrary">
<arg>${page_elements}</arg>
<doc>Verifies that the element identified by ``locator`` is visible.</doc>
<msg timestamp="20220307 12:28:32.495" level="INFO">Element 'xpath://div[@id="credentials"]//div[@class="field password"]//input' is displayed.</msg>
<status status="PASS" starttime="20220307 12:28:32.481" endtime="20220307 12:28:32.495"/>
</kw>
<status status="PASS" starttime="20220307 12:28:32.204" endtime="20220307 12:28:32.495"/>
</iter>
<iter>
<var name="${page_elements}">xpath://div[@id="credentials"]//button[contains(@class,"loginButton")]</var>
<kw name="Scroll Element Into View" library="SeleniumLibrary">
<arg>${page_elements}</arg>
<doc>Scrolls the element identified by ``locator`` into view.</doc>
<status status="PASS" starttime="20220307 12:28:32.496" endtime="20220307 12:28:32.793"/>
</kw>
<kw name="Element Should Be Visible" library="SeleniumLibrary">
<arg>${page_elements}</arg>
<doc>Verifies that the element identified by ``locator`` is visible.</doc>
<msg timestamp="20220307 12:28:32.805" level="INFO">Element 'xpath://div[@id="credentials"]//button[contains(@class,"loginButton")]' is displayed.</msg>
<status status="PASS" starttime="20220307 12:28:32.793" endtime="20220307 12:28:32.805"/>
</kw>
<status status="PASS" starttime="20220307 12:28:32.495" endtime="20220307 12:28:32.805"/>
</iter>
<status status="PASS" starttime="20220307 12:28:31.918" endtime="20220307 12:28:32.805"/>
</for>
<status status="PASS" starttime="20220307 12:28:31.918" endtime="20220307 12:28:32.805"/>
</kw>
<status status="PASS" starttime="20220307 12:28:31.917" endtime="20220307 12:28:32.805"/>
</kw>
<kw name="When user login using invalid credentials">
<kw name="My Logger" library="common_global">
<arg>user login using invalid credentials</arg>
<status status="PASS" starttime="20220307 12:28:32.806" endtime="20220307 12:28:32.806"/>
</kw>
<kw name="Set Variable" library="BuiltIn">
<var>${rand_value}</var>
<arg>get random name</arg>
<arg>${Author.username}</arg>
<doc>Returns the given values which can then be assigned to a variables.</doc>
<msg timestamp="20220307 12:28:32.808" level="INFO">${rand_value} = ['get random name', 'author@vrbank']</msg>
<status status="PASS" starttime="20220307 12:28:32.806" endtime="20220307 12:28:32.808"/>
</kw>
<kw name="My Logger" library="common_global">
<arg>${rand_value}</arg>
<status status="PASS" starttime="20220307 12:28:32.808" endtime="20220307 12:28:32.808"/>
</kw>
<kw name="Login User" library="tasks_common">
<arg>${Author.username}</arg>
<arg>${rand_value}</arg>
<kw name="Set Textbox Value" library="tasks_textbox">
<arg>${login_mainScreen_user_textbox}</arg>
<arg>${input_email}</arg>
<kw name="Scroll Element Into View" library="SeleniumLibrary">
<arg>${input_selector}</arg>
<doc>Scrolls the element identified by ``locator`` into view.</doc>
<status status="PASS" starttime="20220307 12:28:32.810" endtime="20220307 12:28:33.070"/>
</kw>
<kw name="Element Should Be Visible" library="SeleniumLibrary">
<arg>${input_selector}</arg>
<doc>Verifies that the element identified by ``locator`` is visible.</doc>
<msg timestamp="20220307 12:28:33.080" level="INFO">Element 'xpath://div[@id="credentials"]//div[@class="field user"]//input' is displayed.</msg>
<status status="PASS" starttime="20220307 12:28:33.070" endtime="20220307 12:28:33.080"/>
</kw>
<kw name="Element Should Be Enabled" library="SeleniumLibrary">
<arg>${input_selector}</arg>
<doc>Verifies that element identified by ``locator`` is enabled.</doc>
<status status="PASS" starttime="20220307 12:28:33.080" endtime="20220307 12:28:33.100"/>
</kw>
<kw name="Input Text" library="SeleniumLibrary">
<arg>${input_selector}</arg>
<arg>${input_value}</arg>
<doc>Types the given ``text`` into the text field identified by ``locator``.</doc>
<msg timestamp="20220307 12:28:33.100" level="INFO">Typing text 'author@vrbank' into text field 'xpath://div[@id="credentials"]//div[@class="field user"]//input'.</msg>
<status status="PASS" starttime="20220307 12:28:33.100" endtime="20220307 12:28:33.156"/>
</kw>
<kw name="Sleep" library="BuiltIn">
<arg>1s</arg>
<doc>Pauses the test executed for the given time.</doc>
<msg timestamp="20220307 12:28:34.160" level="INFO">Slept 1 second</msg>
<status status="PASS" starttime="20220307 12:28:33.156" endtime="20220307 12:28:34.160"/>
</kw>
<status status="PASS" starttime="20220307 12:28:32.810" endtime="20220307 12:28:34.160"/>
</kw>
<kw name="Set Textbox Value" library="tasks_textbox">
<arg>${login_mainScreen_password_textbox}</arg>
<arg>${input_password}</arg>
<kw name="Scroll Element Into View" library="SeleniumLibrary">
<arg>${input_selector}</arg>
<doc>Scrolls the element identified by ``locator`` into view.</doc>
<status status="PASS" starttime="20220307 12:28:34.161" endtime="20220307 12:28:34.424"/>
</kw>
<kw name="Element Should Be Visible" library="SeleniumLibrary">
<arg>${input_selector}</arg>
<doc>Verifies that the element identified by ``locator`` is visible.</doc>
<msg timestamp="20220307 12:28:34.435" level="INFO">Element 'xpath://div[@id="credentials"]//div[@class="field password"]//input' is displayed.</msg>
<status status="PASS" starttime="20220307 12:28:34.424" endtime="20220307 12:28:34.435"/>
</kw>
<kw name="Element Should Be Enabled" library="SeleniumLibrary">
<arg>${input_selector}</arg>
<doc>Verifies that element identified by ``locator`` is enabled.</doc>
<status status="PASS" starttime="20220307 12:28:34.435" endtime="20220307 12:28:34.454"/>
</kw>
<kw name="Input Text" library="SeleniumLibrary">
<arg>${input_selector}</arg>
<arg>${input_value}</arg>
<doc>Types the given ``text`` into the text field identified by ``locator``.</doc>
<msg timestamp="20220307 12:28:34.455" level="INFO">Typing text '['get random name', 'author@vrbank']' into text field 'xpath://div[@id="credentials"]//div[@class="field password"]//input'.</msg>
<status status="PASS" starttime="20220307 12:28:34.454" endtime="20220307 12:28:34.541"/>
</kw>
<kw name="Sleep" library="BuiltIn">
<arg>1s</arg>
<doc>Pauses the test executed for the given time.</doc>
<msg timestamp="20220307 12:28:35.543" level="INFO">Slept 1 second</msg>
<status status="PASS" starttime="20220307 12:28:34.541" endtime="20220307 12:28:35.543"/>
</kw>
<status status="PASS" starttime="20220307 12:28:34.160" endtime="20220307 12:28:35.543"/>
</kw>
<kw name="Click Button" library="SeleniumLibrary">
<arg>${login_mainScreen_login_button}</arg>
<doc>Clicks the button identified by ``locator``.</doc>
<msg timestamp="20220307 12:28:35.544" level="INFO">Clicking button 'xpath://div[@id="credentials"]//button[contains(@class,"loginButton")]'.</msg>
<status status="PASS" starttime="20220307 12:28:35.543" endtime="20220307 12:28:35.860"/>
</kw>
<kw name="Sleep" library="BuiltIn">
<arg>2s</arg>
<doc>Pauses the test executed for the given time.</doc>
<msg timestamp="20220307 12:28:37.864" level="INFO">Slept 2 seconds</msg>
<status status="PASS" starttime="20220307 12:28:35.860" endtime="20220307 12:28:37.864"/>
</kw>
<status status="PASS" starttime="20220307 12:28:32.808" endtime="20220307 12:28:37.864"/>
</kw>
<kw name="Validate and Verify Error Message" library="CommonGlobal">
<arg>${login_mainScreen_error_label}</arg>
<arg>The information you entered was not recognized.</arg>
<kw name="Scroll Element Into View" library="SeleniumLibrary">
<arg>${selector}</arg>
<doc>Scrolls the element identified by ``locator`` into view.</doc>
<status status="PASS" starttime="20220307 12:28:37.865" endtime="20220307 12:28:38.134"/>
</kw>
<kw name="Element Should Be Visible" library="SeleniumLibrary">
<arg>${selector}</arg>
<doc>Verifies that the element identified by ``locator`` is visible.</doc>
<msg timestamp="20220307 12:28:38.150" level="INFO">Element 'xpath://*[@class="errorMessage"]' is displayed.</msg>
<status status="PASS" starttime="20220307 12:28:38.134" endtime="20220307 12:28:38.150"/>
</kw>
<kw name="Element Text Should Be" library="SeleniumLibrary">
<arg>${selector}</arg>
<arg>${err_message}</arg>
<doc>Verifies that element ``locator`` contains exact the text ``expected``.</doc>
<msg timestamp="20220307 12:28:38.150" level="INFO">Verifying element 'xpath://*[@class="errorMessage"]' contains exact text 'The information you entered was not recognized.'.</msg>
<status status="PASS" starttime="20220307 12:28:38.150" endtime="20220307 12:28:38.163"/>
</kw>
<status status="PASS" starttime="20220307 12:28:37.864" endtime="20220307 12:28:38.163"/>
</kw>
<status status="PASS" starttime="20220307 12:28:32.806" endtime="20220307 12:28:38.163"/>
</kw>
<kw name="Then user should not proceed to Dashboard Page">
<kw name="My Logger" library="common_global">
<arg>user should not proceed to Dashboard Page</arg>
<status status="PASS" starttime="20220307 12:28:38.164" endtime="20220307 12:28:38.164"/>
</kw>
<kw name="Location Should Contain" library="SeleniumLibrary">
<arg>${LOGIN_URL}</arg>
<doc>Verifies that the current URL contains ``expected``.</doc>
<msg timestamp="20220307 12:28:38.166" level="INFO">Current location contains 'http://localhost:8080/prweb/PRServlet'.</msg>
<status status="PASS" starttime="20220307 12:28:38.164" endtime="20220307 12:28:38.166"/>
</kw>
<status status="PASS" starttime="20220307 12:28:38.164" endtime="20220307 12:28:38.167"/>
</kw>
<kw name="When user login using valid credentials">
<kw name="My Logger" library="common_global">
<arg>user login using valid credentials</arg>
<status status="PASS" starttime="20220307 12:28:38.167" endtime="20220307 12:28:38.167"/>
</kw>
<kw name="Login User" library="tasks_common">
<arg>${Author.username}</arg>
<arg>${Author.password}</arg>
<kw name="Set Textbox Value" library="tasks_textbox">
<arg>${login_mainScreen_user_textbox}</arg>
<arg>${input_email}</arg>
<kw name="Scroll Element Into View" library="SeleniumLibrary">
<arg>${input_selector}</arg>
<doc>Scrolls the element identified by ``locator`` into view.</doc>
<status status="PASS" starttime="20220307 12:28:38.170" endtime="20220307 12:28:38.444"/>
</kw>
<kw name="Element Should Be Visible" library="SeleniumLibrary">
<arg>${input_selector}</arg>
<doc>Verifies that the element identified by ``locator`` is visible.</doc>
<msg timestamp="20220307 12:28:38.454" level="INFO">Element 'xpath://div[@id="credentials"]//div[@class="field user"]//input' is displayed.</msg>
<status status="PASS" starttime="20220307 12:28:38.444" endtime="20220307 12:28:38.455"/>
</kw>
<kw name="Element Should Be Enabled" library="SeleniumLibrary">
<arg>${input_selector}</arg>
<doc>Verifies that element identified by ``locator`` is enabled.</doc>
<status status="PASS" starttime="20220307 12:28:38.455" endtime="20220307 12:28:38.470"/>
</kw>
<kw name="Input Text" library="SeleniumLibrary">
<arg>${input_selector}</arg>
<arg>${input_value}</arg>
<doc>Types the given ``text`` into the text field identified by ``locator``.</doc>
<msg timestamp="20220307 12:28:38.470" level="INFO">Typing text 'author@vrbank' into text field 'xpath://div[@id="credentials"]//div[@class="field user"]//input'.</msg>
<status status="PASS" starttime="20220307 12:28:38.470" endtime="20220307 12:28:38.524"/>
</kw>
<kw name="Sleep" library="BuiltIn">
<arg>1s</arg>
<doc>Pauses the test executed for the given time.</doc>
<msg timestamp="20220307 12:28:39.529" level="INFO">Slept 1 second</msg>
<status status="PASS" starttime="20220307 12:28:38.525" endtime="20220307 12:28:39.529"/>
</kw>
<status status="PASS" starttime="20220307 12:28:38.170" endtime="20220307 12:28:39.529"/>
</kw>
<kw name="Set Textbox Value" library="tasks_textbox">
<arg>${login_mainScreen_password_textbox}</arg>
<arg>${input_password}</arg>
<kw name="Scroll Element Into View" library="SeleniumLibrary">
<arg>${input_selector}</arg>
<doc>Scrolls the element identified by ``locator`` into view.</doc>
<status status="PASS" starttime="20220307 12:28:39.530" endtime="20220307 12:28:39.811"/>
</kw>
<kw name="Element Should Be Visible" library="SeleniumLibrary">
<arg>${input_selector}</arg>
<doc>Verifies that the element identified by ``locator`` is visible.</doc>
<msg timestamp="20220307 12:28:39.822" level="INFO">Element 'xpath://div[@id="credentials"]//div[@class="field password"]//input' is displayed.</msg>
<status status="PASS" starttime="20220307 12:28:39.811" endtime="20220307 12:28:39.822"/>
</kw>
<kw name="Element Should Be Enabled" library="SeleniumLibrary">
<arg>${input_selector}</arg>
<doc>Verifies that element identified by ``locator`` is enabled.</doc>
<status status="PASS" starttime="20220307 12:28:39.822" endtime="20220307 12:28:39.836"/>
</kw>
<kw name="Input Text" library="SeleniumLibrary">
<arg>${input_selector}</arg>
<arg>${input_value}</arg>
<doc>Types the given ``text`` into the text field identified by ``locator``.</doc>
<msg timestamp="20220307 12:28:39.837" level="INFO">Typing text 'pega123!' into text field 'xpath://div[@id="credentials"]//div[@class="field password"]//input'.</msg>
<status status="PASS" starttime="20220307 12:28:39.837" endtime="20220307 12:28:39.890"/>
</kw>
<kw name="Sleep" library="BuiltIn">
<arg>1s</arg>
<doc>Pauses the test executed for the given time.</doc>
<msg timestamp="20220307 12:28:40.904" level="INFO">Slept 1 second</msg>
<status status="PASS" starttime="20220307 12:28:39.890" endtime="20220307 12:28:40.904"/>
</kw>
<status status="PASS" starttime="20220307 12:28:39.529" endtime="20220307 12:28:40.904"/>
</kw>
<kw name="Click Button" library="SeleniumLibrary">
<arg>${login_mainScreen_login_button}</arg>
<doc>Clicks the button identified by ``locator``.</doc>
<msg timestamp="20220307 12:28:40.905" level="INFO">Clicking button 'xpath://div[@id="credentials"]//button[contains(@class,"loginButton")]'.</msg>
<status status="PASS" starttime="20220307 12:28:40.904" endtime="20220307 12:28:42.181"/>
</kw>
<kw name="Sleep" library="BuiltIn">
<arg>2s</arg>
<doc>Pauses the test executed for the given time.</doc>
<msg timestamp="20220307 12:28:44.193" level="INFO">Slept 2 seconds</msg>
<status status="PASS" starttime="20220307 12:28:42.181" endtime="20220307 12:28:44.193"/>
</kw>
<status status="PASS" starttime="20220307 12:28:38.167" endtime="20220307 12:28:44.193"/>
</kw>
<status status="PASS" starttime="20220307 12:28:38.167" endtime="20220307 12:28:44.193"/>
</kw>
<kw name="Then user should proceed to Dashboard Page">
<kw name="My Logger" library="common_global">
<arg>user should proceed to Dashboard Page</arg>
<status status="PASS" starttime="20220307 12:28:44.194" endtime="20220307 12:28:44.194"/>
</kw>
<kw name="Location Should Contain" library="SeleniumLibrary">
<arg>${DASHBOARD_URL}</arg>
<doc>Verifies that the current URL contains ``expected``.</doc>
<msg timestamp="20220307 12:28:44.198" level="INFO">Current location contains 'http://localhost:8080/prweb/PRServlet/app/vr-bank_/'.</msg>
<status status="PASS" starttime="20220307 12:28:44.194" endtime="20220307 12:28:44.198"/>
</kw>
<kw name="Switch Studio To APP Studio" library="tasks_common">
<kw name="Sleep" library="BuiltIn">
<arg>2s</arg>
<doc>Pauses the test executed for the given time.</doc>
<msg timestamp="20220307 12:28:46.202" level="INFO">Slept 2 seconds</msg>
<status status="PASS" starttime="20220307 12:28:44.198" endtime="20220307 12:28:46.202"/>
</kw>
<kw name="Wait Until Element Is Visible" library="SeleniumLibrary">
<arg>${header_switch_studio_dropdown}</arg>
<doc>Waits until the element ``locator`` is visible.</doc>
<status status="PASS" starttime="20220307 12:28:46.202" endtime="20220307 12:28:46.218"/>
</kw>
<kw name="Select Dropdown Value" library="tasks_dropdown">
<arg>${header_switch_studio_dropdown}</arg>
<arg>App Studio</arg>
<kw name="Scroll Element Into View" library="SeleniumLibrary">
<arg>${dropdown_selector}</arg>
<doc>Scrolls the element identified by ``locator`` into view.</doc>
<status status="PASS" starttime="20220307 12:28:46.219" endtime="20220307 12:28:46.497"/>
</kw>
<kw name="Element Should Be Visible" library="SeleniumLibrary">
<arg>${dropdown_selector}</arg>
<doc>Verifies that the element identified by ``locator`` is visible.</doc>
<msg timestamp="20220307 12:28:46.507" level="INFO">Element 'xpath://header[@id="l1"]//a[@data-test-id="switch-wks" and @title="Switch Studio"]' is displayed.</msg>
<status status="PASS" starttime="20220307 12:28:46.497" endtime="20220307 12:28:46.507"/>
</kw>
<kw name="Element Should Be Enabled" library="SeleniumLibrary">
<arg>${dropdown_selector}</arg>
<doc>Verifies that element identified by ``locator`` is enabled.</doc>
<status status="PASS" starttime="20220307 12:28:46.507" endtime="20220307 12:28:46.524"/>
</kw>
<kw name="Click Element" library="SeleniumLibrary">
<arg>${dropdown_selector}</arg>
<doc>Click the element identified by ``locator``.</doc>
<msg timestamp="20220307 12:28:46.524" level="INFO">Clicking element 'xpath://header[@id="l1"]//a[@data-test-id="switch-wks" and @title="Switch Studio"]'.</msg>
<status status="PASS" starttime="20220307 12:28:46.524" endtime="20220307 12:28:46.565"/>
</kw>
<kw name="Get Element Attribute" library="SeleniumLibrary">
<var>${attr_class_selector}</var>
<arg>${dropdown_selector}</arg>
<arg>class</arg>
<doc>Returns the value of ``attribute`` from the element ``locator``.</doc>
<msg timestamp="20220307 12:28:46.583" level="INFO">${attr_class_selector} = Application_name</msg>
<status status="PASS" starttime="20220307 12:28:46.566" endtime="20220307 12:28:46.583"/>
</kw>
<kw name="Run Keyword And Return Status" library="BuiltIn">
<var>${is_studio_selector}</var>
<arg>Should Contain</arg>
<arg>${attr_class_selector}</arg>
<arg>Application_name</arg>
<doc>Runs the given keyword with given arguments and returns the status as a Boolean value.</doc>
<kw name="Should Contain" library="BuiltIn">
<arg>${attr_class_selector}</arg>
<arg>Application_name</arg>
<doc>Fails if ``container`` does not contain ``item`` one or more times.</doc>
<status status="PASS" starttime="20220307 12:28:46.584" endtime="20220307 12:28:46.584"/>
</kw>
<msg timestamp="20220307 12:28:46.584" level="INFO">${is_studio_selector} = True</msg>
<status status="PASS" starttime="20220307 12:28:46.583" endtime="20220307 12:28:46.584"/>
</kw>
<kw name="Set Variable" library="BuiltIn">
<var>${selected_dropdown_item}</var>
<arg>${None}</arg>
<doc>Returns the given values which can then be assigned to a variables.</doc>
<msg timestamp="20220307 12:28:46.584" level="INFO">${selected_dropdown_item} = None</msg>
<status status="PASS" starttime="20220307 12:28:46.584" endtime="20220307 12:28:46.584"/>
</kw>
<kw name="Set Variable If" library="BuiltIn">
<var>${selected_dropdown_item}</var>
<arg>"${is_studio_selector}"=="True"</arg>
<arg>${dropdown_menu_item_selectors}\[text()="${dropdown_item_value}"]</arg>
<arg>"${is_studio_selector}"=="False"</arg>
<arg>${menu_panel_wrapper_item_selectors}\[text()="${dropdown_item_value}"]</arg>
<doc>Sets variable based on the given condition.</doc>
<msg timestamp="20220307 12:28:46.585" level="INFO">${selected_dropdown_item} = xpath://div[contains(@class,"content-default dropdown-menu")]//div[contains(@class,"content-item")]//span[@class="menu-item-title"][text()="App Studio"]</msg>
<status status="PASS" starttime="20220307 12:28:46.585" endtime="20220307 12:28:46.585"/>
</kw>
<kw name="Wait Until Element Is Visible" library="SeleniumLibrary">
<arg>${selected_dropdown_item}</arg>
<arg>${DEFAULT_TIMEOUT}</arg>
<doc>Waits until the element ``locator`` is visible.</doc>
<status status="PASS" starttime="20220307 12:28:46.585" endtime="20220307 12:28:46.819"/>
</kw>
<kw name="Wait Until Element Is Enabled" library="SeleniumLibrary">
<arg>${selected_dropdown_item}</arg>
<arg>${DEFAULT_TIMEOUT}</arg>
<doc>Waits until the element ``locator`` is enabled.</doc>
<status status="PASS" starttime="20220307 12:28:46.820" endtime="20220307 12:28:46.836"/>
</kw>
<kw name="Click Element" library="SeleniumLibrary">
<arg>${selected_dropdown_item}</arg>
<doc>Click the element identified by ``locator``.</doc>
<msg timestamp="20220307 12:28:46.836" level="INFO">Clicking element 'xpath://div[contains(@class,"content-default dropdown-menu")]//div[contains(@class,"content-item")]//span[@class="menu-item-title"][text()="App Studio"]'.</msg>
<status status="PASS" starttime="20220307 12:28:46.836" endtime="20220307 12:28:46.897"/>
</kw>
<kw name="Wait Until Element Is Not Visible" library="SeleniumLibrary">
<arg>${selected_dropdown_item}</arg>
<arg>${DEFAULT_TIMEOUT}</arg>
<doc>Waits until the element ``locator`` is not visible.</doc>
<status status="PASS" starttime="20220307 12:28:46.897" endtime="20220307 12:28:47.214"/>
</kw>
<kw name="Sleep" library="BuiltIn">
<arg>1s</arg>
<doc>Pauses the test executed for the given time.</doc>
<msg timestamp="20220307 12:28:48.219" level="INFO">Slept 1 second</msg>
<status status="PASS" starttime="20220307 12:28:47.214" endtime="20220307 12:28:48.219"/>
</kw>
<status status="PASS" starttime="20220307 12:28:46.218" endtime="20220307 12:28:48.219"/>
</kw>
<kw name="Select Frame" library="SeleniumLibrary">
<arg>${app_iframe_parent_selector}</arg>
<doc>Sets frame identified by ``locator`` as the current frame.</doc>
<msg timestamp="20220307 12:28:48.220" level="INFO">Selecting frame 'xpath://iframe[@id="pxExpress"]'.</msg>
<status status="PASS" starttime="20220307 12:28:48.219" endtime="20220307 12:28:48.993"/>
</kw>
<kw name="Select Frame" library="SeleniumLibrary">
<arg>${app_iframe_sub_parent_selector}</arg>
<doc>Sets frame identified by ``locator`` as the current frame.</doc>
<msg timestamp="20220307 12:28:48.994" level="INFO">Selecting frame 'xpath://iframe[@id="FormFactoriFrame"]'.</msg>
<status status="PASS" starttime="20220307 12:28:48.994" endtime="20220307 12:28:49.049"/>
</kw>
<status status="PASS" starttime="20220307 12:28:44.198" endtime="20220307 12:28:49.049"/>
</kw>
<kw name="Switch Studio To Dev Studio" library="tasks_common">
<kw name="Sleep" library="BuiltIn">
<arg>2s</arg>
<doc>Pauses the test executed for the given time.</doc>
<msg timestamp="20220307 12:28:51.066" level="INFO">Slept 2 seconds</msg>
<status status="PASS" starttime="20220307 12:28:49.050" endtime="20220307 12:28:51.066"/>
</kw>
<kw name="Unselect Frame" library="SeleniumLibrary">
<doc>Sets the main frame as the current frame.</doc>
<status status="PASS" starttime="20220307 12:28:51.066" endtime="20220307 12:28:51.068"/>
</kw>
<kw name="Select Frame" library="SeleniumLibrary">
<arg>${app_iframe_parent_selector}</arg>
<doc>Sets frame identified by ``locator`` as the current frame.</doc>
<msg timestamp="20220307 12:28:51.068" level="INFO">Selecting frame 'xpath://iframe[@id="pxExpress"]'.</msg>
<status status="PASS" starttime="20220307 12:28:51.068" endtime="20220307 12:28:51.081"/>
</kw>
<kw name="Wait Until Element Is Visible" library="SeleniumLibrary">
<arg>${app_header_switch_studio_dropdown}</arg>
<doc>Waits until the element ``locator`` is visible.</doc>
<status status="PASS" starttime="20220307 12:28:51.081" endtime="20220307 12:28:51.100"/>
</kw>
<kw name="Select Dropdown Value" library="tasks_dropdown">
<arg>${app_header_switch_studio_dropdown}</arg>
<arg>Dev Studio</arg>
<kw name="Scroll Element Into View" library="SeleniumLibrary">
<arg>${dropdown_selector}</arg>
<doc>Scrolls the element identified by ``locator`` into view.</doc>
<status status="PASS" starttime="20220307 12:28:51.100" endtime="20220307 12:28:51.406"/>
</kw>
<kw name="Element Should Be Visible" library="SeleniumLibrary">
<arg>${dropdown_selector}</arg>
<doc>Verifies that the element identified by ``locator`` is visible.</doc>
<msg timestamp="20220307 12:28:51.419" level="INFO">Element 'xpath://header[@id="l1"]//a[@data-test-id="switch-wks" and @title="Switch Studio"]' is displayed.</msg>
<status status="PASS" starttime="20220307 12:28:51.406" endtime="20220307 12:28:51.419"/>
</kw>
<kw name="Element Should Be Enabled" library="SeleniumLibrary">
<arg>${dropdown_selector}</arg>
<doc>Verifies that element identified by ``locator`` is enabled.</doc>
<status status="PASS" starttime="20220307 12:28:51.419" endtime="20220307 12:28:51.439"/>
</kw>
<kw name="Click Element" library="SeleniumLibrary">
<arg>${dropdown_selector}</arg>
<doc>Click the element identified by ``locator``.</doc>
<msg timestamp="20220307 12:28:51.439" level="INFO">Clicking element 'xpath://header[@id="l1"]//a[@data-test-id="switch-wks" and @title="Switch Studio"]'.</msg>
<status status="PASS" starttime="20220307 12:28:51.439" endtime="20220307 12:28:51.493"/>
</kw>
<kw name="Get Element Attribute" library="SeleniumLibrary">
<var>${attr_class_selector}</var>
<arg>${dropdown_selector}</arg>
<arg>class</arg>
<doc>Returns the value of ``attribute`` from the element ``locator``.</doc>
<msg timestamp="20220307 12:28:51.508" level="INFO">${attr_class_selector} = Application_name</msg>
<status status="PASS" starttime="20220307 12:28:51.493" endtime="20220307 12:28:51.508"/>
</kw>
<kw name="Run Keyword And Return Status" library="BuiltIn">
<var>${is_studio_selector}</var>
<arg>Should Contain</arg>
<arg>${attr_class_selector}</arg>
<arg>Application_name</arg>
<doc>Runs the given keyword with given arguments and returns the status as a Boolean value.</doc>
<kw name="Should Contain" library="BuiltIn">
<arg>${attr_class_selector}</arg>
<arg>Application_name</arg>
<doc>Fails if ``container`` does not contain ``item`` one or more times.</doc>
<status status="PASS" starttime="20220307 12:28:51.508" endtime="20220307 12:28:51.508"/>
</kw>
<msg timestamp="20220307 12:28:51.508" level="INFO">${is_studio_selector} = True</msg>
<status status="PASS" starttime="20220307 12:28:51.508" endtime="20220307 12:28:51.508"/>
</kw>
<kw name="Set Variable" library="BuiltIn">
<var>${selected_dropdown_item}</var>
<arg>${None}</arg>
<doc>Returns the given values which can then be assigned to a variables.</doc>
<msg timestamp="20220307 12:28:51.509" level="INFO">${selected_dropdown_item} = None</msg>
<status status="PASS" starttime="20220307 12:28:51.509" endtime="20220307 12:28:51.509"/>
</kw>
<kw name="Set Variable If" library="BuiltIn">
<var>${selected_dropdown_item}</var>
<arg>"${is_studio_selector}"=="True"</arg>
<arg>${dropdown_menu_item_selectors}\[text()="${dropdown_item_value}"]</arg>
<arg>"${is_studio_selector}"=="False"</arg>
<arg>${menu_panel_wrapper_item_selectors}\[text()="${dropdown_item_value}"]</arg>
<doc>Sets variable based on the given condition.</doc>
<msg timestamp="20220307 12:28:51.509" level="INFO">${selected_dropdown_item} = xpath://div[contains(@class,"content-default dropdown-menu")]//div[contains(@class,"content-item")]//span[@class="menu-item-title"][text()="Dev Studio"]</msg>
<status status="PASS" starttime="20220307 12:28:51.509" endtime="20220307 12:28:51.509"/>
</kw>
<kw name="Wait Until Element Is Visible" library="SeleniumLibrary">
<arg>${selected_dropdown_item}</arg>
<arg>${DEFAULT_TIMEOUT}</arg>
<doc>Waits until the element ``locator`` is visible.</doc>
<status status="PASS" starttime="20220307 12:28:51.509" endtime="20220307 12:28:51.744"/>
</kw>
<kw name="Wait Until Element Is Enabled" library="SeleniumLibrary">
<arg>${selected_dropdown_item}</arg>
<arg>${DEFAULT_TIMEOUT}</arg>
<doc>Waits until the element ``locator`` is enabled.</doc>
<status status="PASS" starttime="20220307 12:28:51.745" endtime="20220307 12:28:51.762"/>
</kw>
<kw name="Click Element" library="SeleniumLibrary">
<arg>${selected_dropdown_item}</arg>
<doc>Click the element identified by ``locator``.</doc>
<msg timestamp="20220307 12:28:51.763" level="INFO">Clicking element 'xpath://div[contains(@class,"content-default dropdown-menu")]//div[contains(@class,"content-item")]//span[@class="menu-item-title"][text()="Dev Studio"]'.</msg>
<status status="PASS" starttime="20220307 12:28:51.762" endtime="20220307 12:28:51.836"/>
</kw>
<kw name="Wait Until Element Is Not Visible" library="SeleniumLibrary">
<arg>${selected_dropdown_item}</arg>
<arg>${DEFAULT_TIMEOUT}</arg>
<doc>Waits until the element ``locator`` is not visible.</doc>
<status status="PASS" starttime="20220307 12:28:51.836" endtime="20220307 12:28:52.075"/>
</kw>
<kw name="Sleep" library="BuiltIn">
<arg>1s</arg>
<doc>Pauses the test executed for the given time.</doc>
<msg timestamp="20220307 12:28:53.084" level="INFO">Slept 1 second</msg>
<status status="PASS" starttime="20220307 12:28:52.075" endtime="20220307 12:28:53.084"/>
</kw>
<status status="PASS" starttime="20220307 12:28:51.100" endtime="20220307 12:28:53.084"/>
</kw>
<kw name="Unselect Frame" library="SeleniumLibrary">
<doc>Sets the main frame as the current frame.</doc>
<status status="PASS" starttime="20220307 12:28:53.084" endtime="20220307 12:28:53.086"/>
</kw>
<kw name="Sleep" library="BuiltIn">
<arg>2s</arg>
<doc>Pauses the test executed for the given time.</doc>
<msg timestamp="20220307 12:28:55.102" level="INFO">Slept 2 seconds</msg>
<status status="PASS" starttime="20220307 12:28:53.086" endtime="20220307 12:28:55.102"/>
</kw>
<status status="PASS" starttime="20220307 12:28:49.049" endtime="20220307 12:28:55.102"/>
</kw>
<kw name="Select Dropdown Value" library="tasks_dropdown">
<arg>${header_application_dropdown}</arg>
<arg>Overview</arg>
<kw name="Scroll Element Into View" library="SeleniumLibrary">
<arg>${dropdown_selector}</arg>
<doc>Scrolls the element identified by ``locator`` into view.</doc>
<status status="PASS" starttime="20220307 12:28:55.102" endtime="20220307 12:28:55.382"/>
</kw>
<kw name="Element Should Be Visible" library="SeleniumLibrary">
<arg>${dropdown_selector}</arg>
<doc>Verifies that the element identified by ``locator`` is visible.</doc>
<msg timestamp="20220307 12:28:55.393" level="INFO">Element 'xpath://header[@id="l1"]//a[@data-test-id="20140927131516034248306"]' is displayed.</msg>
<status status="PASS" starttime="20220307 12:28:55.382" endtime="20220307 12:28:55.393"/>
</kw>
<kw name="Element Should Be Enabled" library="SeleniumLibrary">
<arg>${dropdown_selector}</arg>
<doc>Verifies that element identified by ``locator`` is enabled.</doc>
<status status="PASS" starttime="20220307 12:28:55.393" endtime="20220307 12:28:55.410"/>
</kw>
<kw name="Click Element" library="SeleniumLibrary">
<arg>${dropdown_selector}</arg>
<doc>Click the element identified by ``locator``.</doc>
<msg timestamp="20220307 12:28:55.410" level="INFO">Clicking element 'xpath://header[@id="l1"]//a[@data-test-id="20140927131516034248306"]'.</msg>
<status status="PASS" starttime="20220307 12:28:55.410" endtime="20220307 12:28:55.441"/>
</kw>
<kw name="Get Element Attribute" library="SeleniumLibrary">
<var>${attr_class_selector}</var>
<arg>${dropdown_selector}</arg>
<arg>class</arg>
<doc>Returns the value of ``attribute`` from the element ``locator``.</doc>
<msg timestamp="20220307 12:28:55.453" level="INFO">${attr_class_selector} = Header_nav</msg>
<status status="PASS" starttime="20220307 12:28:55.441" endtime="20220307 12:28:55.453"/>
</kw>
<kw name="Run Keyword And Return Status" library="BuiltIn">
<var>${is_studio_selector}</var>
<arg>Should Contain</arg>
<arg>${attr_class_selector}</arg>
<arg>Application_name</arg>
<doc>Runs the given keyword with given arguments and returns the status as a Boolean value.</doc>
<kw name="Should Contain" library="BuiltIn">
<arg>${attr_class_selector}</arg>
<arg>Application_name</arg>
<doc>Fails if ``container`` does not contain ``item`` one or more times.</doc>
<msg timestamp="20220307 12:28:55.454" level="FAIL">'Header_nav' does not contain 'Application_name'</msg>
[...]
<status status="PASS" starttime="20220307 12:29:35.675" endtime="20220307 12:29:35.686"/>
</kw>
<status status="PASS" starttime="20220307 12:29:35.410" endtime="20220307 12:29:35.686"/>
</iter>
<status status="PASS" starttime="20220307 12:29:32.307" endtime="20220307 12:29:35.686"/>
</for>
<status status="PASS" starttime="20220307 12:29:32.306" endtime="20220307 12:29:35.686"/>
</kw>
<kw name="Click Element" library="SeleniumLibrary">
<arg>${vrbank_items_follow_parent_selector}</arg>
<doc>Click the element identified by ``locator``.</doc>
<msg timestamp="20220307 12:29:35.687" level="INFO">Clicking element 'xpath://div[@data-portalharnessinsname="Data-Portal!UserPortal"]//div[@data-node-id="pyFollowingWidget"]'.</msg>
<status status="PASS" starttime="20220307 12:29:35.686" endtime="20220307 12:29:35.741"/>
</kw>
<kw name="Verify Page Elements should be Visible" library="assertions_common">
<arg>@{vrbank_header_field_elements}</arg>
<kw name="My Logger" library="common_global">
<arg>PERFORMING: Verify Page Elements should be Visible</arg>
<status status="PASS" starttime="20220307 12:29:35.741" endtime="20220307 12:29:35.741"/>
</kw>
<for flavor="IN">
<var>${page_elements}</var>
<value>@{list_page_elements}</value>
<iter>
<var name="${page_elements}">xpath://div[@data-portalharnessinsname="Data-Portal!UserPortal"]//header[contains(@class,"workarea-view-header")]</var>
<kw name="Scroll Element Into View" library="SeleniumLibrary">
<arg>${page_elements}</arg>
<doc>Scrolls the element identified by ``locator`` into view.</doc>
<status status="PASS" starttime="20220307 12:29:35.742" endtime="20220307 12:29:36.032"/>
</kw>
<kw name="Element Should Be Visible" library="SeleniumLibrary">
<arg>${page_elements}</arg>
<doc>Verifies that the element identified by ``locator`` is visible.</doc>
<msg timestamp="20220307 12:29:36.043" level="INFO">Element 'xpath://div[@data-portalharnessinsname="Data-Portal!UserPortal"]//header[contains(@class,"workarea-view-header")]' is displayed.</msg>
<status status="PASS" starttime="20220307 12:29:36.032" endtime="20220307 12:29:36.043"/>
</kw>
<status status="PASS" starttime="20220307 12:29:35.742" endtime="20220307 12:29:36.043"/>
</iter>
<iter>
<var name="${page_elements}">xpath://div[@data-portalharnessinsname="Data-Portal!UserPortal"]//header[contains(@class,"workarea-view-header")]//h1[@class="header-title"]</var>
<kw name="Scroll Element Into View" library="SeleniumLibrary">
<arg>${page_elements}</arg>
<doc>Scrolls the element identified by ``locator`` into view.</doc>
<status status="PASS" starttime="20220307 12:29:36.044" endtime="20220307 12:29:36.319"/>
</kw>
<kw name="Element Should Be Visible" library="SeleniumLibrary">
<arg>${page_elements}</arg>
<doc>Verifies that the element identified by ``locator`` is visible.</doc>
<msg timestamp="20220307 12:29:36.333" level="INFO">Element 'xpath://div[@data-portalharnessinsname="Data-Portal!UserPortal"]//header[contains(@class,"workarea-view-header")]//h1[@class="header-title"]' is displayed.</msg>
<status status="PASS" starttime="20220307 12:29:36.320" endtime="20220307 12:29:36.333"/>
</kw>
<status status="PASS" starttime="20220307 12:29:36.043" endtime="20220307 12:29:36.333"/>
</iter>
<status status="PASS" starttime="20220307 12:29:35.741" endtime="20220307 12:29:36.333"/>
</for>
<status status="PASS" starttime="20220307 12:29:35.741" endtime="20220307 12:29:36.333"/>
</kw>
<kw name="Verify Page Elements should be Visible" library="assertions_common">
<arg>@{vrbank_pulse_field_elements}</arg>
<kw name="My Logger" library="common_global">
<arg>PERFORMING: Verify Page Elements should be Visible</arg>
<status status="PASS" starttime="20220307 12:29:36.334" endtime="20220307 12:29:36.334"/>
</kw>
<for flavor="IN">
<var>${page_elements}</var>
<value>@{list_page_elements}</value>
<iter>
<var name="${page_elements}">xpath://div[@data-portalharnessinsname="Data-Portal!UserPortal"]//div[@data-node-id="pxFeed"]</var>
<kw name="Scroll Element Into View" library="SeleniumLibrary">
<arg>${page_elements}</arg>
<doc>Scrolls the element identified by ``locator`` into view.</doc>
<status status="PASS" starttime="20220307 12:29:36.334" endtime="20220307 12:29:36.611"/>
</kw>
<kw name="Element Should Be Visible" library="SeleniumLibrary">
<arg>${page_elements}</arg>
<doc>Verifies that the element identified by ``locator`` is visible.</doc>
<msg timestamp="20220307 12:29:36.622" level="INFO">Element 'xpath://div[@data-portalharnessinsname="Data-Portal!UserPortal"]//div[@data-node-id="pxFeed"]' is displayed.</msg>
<status status="PASS" starttime="20220307 12:29:36.611" endtime="20220307 12:29:36.622"/>
</kw>
<status status="PASS" starttime="20220307 12:29:36.334" endtime="20220307 12:29:36.622"/>
</iter>
<iter>
<var name="${page_elements}">xpath://div[@data-portalharnessinsname="Data-Portal!UserPortal"]//span[@class="heading_2"]</var>
<kw name="Scroll Element Into View" library="SeleniumLibrary">
<arg>${page_elements}</arg>
<doc>Scrolls the element identified by ``locator`` into view.</doc>
<status status="PASS" starttime="20220307 12:29:36.622" endtime="20220307 12:29:36.889"/>
</kw>
<kw name="Element Should Be Visible" library="SeleniumLibrary">
<arg>${page_elements}</arg>
<doc>Verifies that the element identified by ``locator`` is visible.</doc>
<msg timestamp="20220307 12:29:36.901" level="INFO">Element 'xpath://div[@data-portalharnessinsname="Data-Portal!UserPortal"]//span[@class="heading_2"]' is displayed.</msg>
<status status="PASS" starttime="20220307 12:29:36.890" endtime="20220307 12:29:36.901"/>
</kw>
<status status="PASS" starttime="20220307 12:29:36.622" endtime="20220307 12:29:36.901"/>
</iter>
<status status="PASS" starttime="20220307 12:29:36.334" endtime="20220307 12:29:36.901"/>
</for>
<status status="PASS" starttime="20220307 12:29:36.333" endtime="20220307 12:29:36.901"/>
</kw>
<kw name="Verify Page Elements should be Visible" library="assertions_common">
<arg>@{vrbank_banner_field_elements}</arg>
<kw name="My Logger" library="common_global">
<arg>PERFORMING: Verify Page Elements should be Visible</arg>
<status status="PASS" starttime="20220307 12:29:36.902" endtime="20220307 12:29:36.902"/>
</kw>
<for flavor="IN">
<var>${page_elements}</var>
<value>@{list_page_elements}</value>
<iter>
<var name="${page_elements}">xpath://div[@data-portalharnessinsname="Data-Portal!UserPortal"]//div[@data-node-id="WelcomeBanner"]</var>
<kw name="Scroll Element Into View" library="SeleniumLibrary">
<arg>${page_elements}</arg>
<doc>Scrolls the element identified by ``locator`` into view.</doc>
<status status="PASS" starttime="20220307 12:29:36.902" endtime="20220307 12:29:37.169"/>
</kw>
<kw name="Element Should Be Visible" library="SeleniumLibrary">
<arg>${page_elements}</arg>
<doc>Verifies that the element identified by ``locator`` is visible.</doc>
<msg timestamp="20220307 12:29:37.180" level="INFO">Element 'xpath://div[@data-portalharnessinsname="Data-Portal!UserPortal"]//div[@data-node-id="WelcomeBanner"]' is displayed.</msg>
<status status="PASS" starttime="20220307 12:29:37.169" endtime="20220307 12:29:37.180"/>
</kw>
<status status="PASS" starttime="20220307 12:29:36.902" endtime="20220307 12:29:37.180"/>
</iter>
<iter>
<var name="${page_elements}">xpath://div[@data-portalharnessinsname="Data-Portal!UserPortal"]//div[@data-node-id="WelcomeBanner"]//h2[@class="header-title"]</var>
<kw name="Scroll Element Into View" library="SeleniumLibrary">
<arg>${page_elements}</arg>
<doc>Scrolls the element identified by ``locator`` into view.</doc>
<status status="PASS" starttime="20220307 12:29:37.181" endtime="20220307 12:29:37.455"/>
</kw>
<kw name="Element Should Be Visible" library="SeleniumLibrary">
<arg>${page_elements}</arg>
<doc>Verifies that the element identified by ``locator`` is visible.</doc>
<msg timestamp="20220307 12:29:37.466" level="INFO">Element 'xpath://div[@data-portalharnessinsname="Data-Portal!UserPortal"]//div[@data-node-id="WelcomeBanner"]//h2[@class="header-title"]' is displayed.</msg>
<status status="PASS" starttime="20220307 12:29:37.455" endtime="20220307 12:29:37.466"/>
</kw>
<status status="PASS" starttime="20220307 12:29:37.180" endtime="20220307 12:29:37.466"/>
</iter>
<iter>
<var name="${page_elements}">xpath://div[@data-portalharnessinsname="Data-Portal!UserPortal"]//div[@data-node-id="WelcomeBanner"]//a[contains(@name,"WelcomeBanner")]</var>
<kw name="Scroll Element Into View" library="SeleniumLibrary">
<arg>${page_elements}</arg>
<doc>Scrolls the element identified by ``locator`` into view.</doc>
<status status="PASS" starttime="20220307 12:29:37.466" endtime="20220307 12:29:37.733"/>
</kw>
<kw name="Element Should Be Visible" library="SeleniumLibrary">
<arg>${page_elements}</arg>
<doc>Verifies that the element identified by ``locator`` is visible.</doc>
<msg timestamp="20220307 12:29:37.744" level="INFO">Element 'xpath://div[@data-portalharnessinsname="Data-Portal!UserPortal"]//div[@data-node-id="WelcomeBanner"]//a[contains(@name,"WelcomeBanner")]' is displayed.</msg>
<status status="PASS" starttime="20220307 12:29:37.733" endtime="20220307 12:29:37.744"/>
</kw>
<status status="PASS" starttime="20220307 12:29:37.466" endtime="20220307 12:29:37.744"/>
</iter>
<status status="PASS" starttime="20220307 12:29:36.902" endtime="20220307 12:29:37.744"/>
</for>
<status status="PASS" starttime="20220307 12:29:36.901" endtime="20220307 12:29:37.744"/>
</kw>
<kw name="Verify Page Elements should be Visible" library="assertions_common">
<arg>@{vrbank_my_worklist_field_elements}</arg>
<kw name="My Logger" library="common_global">
<arg>PERFORMING: Verify Page Elements should be Visible</arg>
<status status="PASS" starttime="20220307 12:29:37.745" endtime="20220307 12:29:37.745"/>
</kw>
<for flavor="IN">
<var>${page_elements}</var>
<value>@{list_page_elements}</value>
<iter>
<var name="${page_elements}">xpath://div[@data-portalharnessinsname="Data-Portal!UserPortal"]//div[@data-node-id="HomeWorklist"]</var>
<kw name="Scroll Element Into View" library="SeleniumLibrary">
<arg>${page_elements}</arg>
<doc>Scrolls the element identified by ``locator`` into view.</doc>
<status status="PASS" starttime="20220307 12:29:37.745" endtime="20220307 12:29:38.022"/>
</kw>
<kw name="Element Should Be Visible" library="SeleniumLibrary">
<arg>${page_elements}</arg>
<doc>Verifies that the element identified by ``locator`` is visible.</doc>
<msg timestamp="20220307 12:29:38.035" level="INFO">Element 'xpath://div[@data-portalharnessinsname="Data-Portal!UserPortal"]//div[@data-node-id="HomeWorklist"]' is displayed.</msg>
<status status="PASS" starttime="20220307 12:29:38.022" endtime="20220307 12:29:38.035"/>
</kw>
<status status="PASS" starttime="20220307 12:29:37.745" endtime="20220307 12:29:38.035"/>
</iter>
<iter>
<var name="${page_elements}">xpath://div[@data-portalharnessinsname="Data-Portal!UserPortal"]//div[@data-node-id="HomeWorklist"]//span[@class="heading_3"]</var>
<kw name="Scroll Element Into View" library="SeleniumLibrary">
<arg>${page_elements}</arg>
<doc>Scrolls the element identified by ``locator`` into view.</doc>
<status status="PASS" starttime="20220307 12:29:38.035" endtime="20220307 12:29:38.302"/>
</kw>
<kw name="Element Should Be Visible" library="SeleniumLibrary">
<arg>${page_elements}</arg>
<doc>Verifies that the element identified by ``locator`` is visible.</doc>
<msg timestamp="20220307 12:29:38.313" level="INFO">Element 'xpath://div[@data-portalharnessinsname="Data-Portal!UserPortal"]//div[@data-node-id="HomeWorklist"]//span[@class="heading_3"]' is displayed.</msg>
<status status="PASS" starttime="20220307 12:29:38.302" endtime="20220307 12:29:38.313"/>
</kw>
<status status="PASS" starttime="20220307 12:29:38.035" endtime="20220307 12:29:38.314"/>
</iter>
<iter>
<var name="${page_elements}">xpath://div[@data-portalharnessinsname="Data-Portal!UserPortal"]//div[@data-node-id="HomeWorklist"]//div[contains(@class,"badge-counter")]</var>
<kw name="Scroll Element Into View" library="SeleniumLibrary">
<arg>${page_elements}</arg>
<doc>Scrolls the element identified by ``locator`` into view.</doc>
<status status="PASS" starttime="20220307 12:29:38.314" endtime="20220307 12:29:38.586"/>
</kw>
<kw name="Element Should Be Visible" library="SeleniumLibrary">
<arg>${page_elements}</arg>
<doc>Verifies that the element identified by ``locator`` is visible.</doc>
<msg timestamp="20220307 12:29:38.597" level="INFO">Element 'xpath://div[@data-portalharnessinsname="Data-Portal!UserPortal"]//div[@data-node-id="HomeWorklist"]//div[contains(@class,"badge-counter")]' is displayed.</msg>
<status status="PASS" starttime="20220307 12:29:38.586" endtime="20220307 12:29:38.598"/>
</kw>
<status status="PASS" starttime="20220307 12:29:38.314" endtime="20220307 12:29:38.598"/>
</iter>
<iter>
<var name="${page_elements}">xpath://div[@data-portalharnessinsname="Data-Portal!UserPortal"]//div[@data-node-id="HomeWorklist"]//div[contains(@aria-describedby,"summaryIdentifier")]</var>
<kw name="Scroll Element Into View" library="SeleniumLibrary">
<arg>${page_elements}</arg>
<doc>Scrolls the element identified by ``locator`` into view.</doc>
<status status="PASS" starttime="20220307 12:29:38.598" endtime="20220307 12:29:38.865"/>
</kw>
<kw name="Element Should Be Visible" library="SeleniumLibrary">
<arg>${page_elements}</arg>
<doc>Verifies that the element identified by ``locator`` is visible.</doc>
<msg timestamp="20220307 12:29:38.876" level="INFO">Element 'xpath://div[@data-portalharnessinsname="Data-Portal!UserPortal"]//div[@data-node-id="HomeWorklist"]//div[contains(@aria-describedby,"summaryIdentifier")]' is displayed.</msg>
<status status="PASS" starttime="20220307 12:29:38.865" endtime="20220307 12:29:38.876"/>
</kw>
<status status="PASS" starttime="20220307 12:29:38.598" endtime="20220307 12:29:38.876"/>
</iter>
<status status="PASS" starttime="20220307 12:29:37.745" endtime="20220307 12:29:38.876"/>
</for>
<status status="PASS" starttime="20220307 12:29:37.745" endtime="20220307 12:29:38.876"/>
</kw>
<kw name="Verify Page Elements should be Visible" library="assertions_common">
<arg>@{vrbank_items_follow_field_elements}</arg>
<kw name="My Logger" library="common_global">
<arg>PERFORMING: Verify Page Elements should be Visible</arg>
<status status="PASS" starttime="20220307 12:29:38.877" endtime="20220307 12:29:38.877"/>
</kw>
<for flavor="IN">
<var>${page_elements}</var>
<value>@{list_page_elements}</value>
<iter>
<var name="${page_elements}">xpath://div[@data-portalharnessinsname="Data-Portal!UserPortal"]//div[@data-node-id="pyFollowingWidget"]</var>
<kw name="Scroll Element Into View" library="SeleniumLibrary">
<arg>${page_elements}</arg>
<doc>Scrolls the element identified by ``locator`` into view.</doc>
<status status="PASS" starttime="20220307 12:29:38.877" endtime="20220307 12:29:39.144"/>
</kw>
<kw name="Element Should Be Visible" library="SeleniumLibrary">
<arg>${page_elements}</arg>
<doc>Verifies that the element identified by ``locator`` is visible.</doc>
<msg timestamp="20220307 12:29:39.155" level="INFO">Element 'xpath://div[@data-portalharnessinsname="Data-Portal!UserPortal"]//div[@data-node-id="pyFollowingWidget"]' is displayed.</msg>
<status status="PASS" starttime="20220307 12:29:39.144" endtime="20220307 12:29:39.155"/>
</kw>
<status status="PASS" starttime="20220307 12:29:38.877" endtime="20220307 12:29:39.155"/>
</iter>
<iter>
<var name="${page_elements}">xpath://div[@data-portalharnessinsname="Data-Portal!UserPortal"]//div[@data-node-id="pyFollowingWidget"]//h3[@class="header-title"]</var>
<kw name="Scroll Element Into View" library="SeleniumLibrary">
<arg>${page_elements}</arg>
<doc>Scrolls the element identified by ``locator`` into view.</doc>
<status status="PASS" starttime="20220307 12:29:39.155" endtime="20220307 12:29:39.426"/>
</kw>
<kw name="Element Should Be Visible" library="SeleniumLibrary">
<arg>${page_elements}</arg>
<doc>Verifies that the element identified by ``locator`` is visible.</doc>
<msg timestamp="20220307 12:29:39.437" level="INFO">Element 'xpath://div[@data-portalharnessinsname="Data-Portal!UserPortal"]//div[@data-node-id="pyFollowingWidget"]//h3[@class="header-title"]' is displayed.</msg>
<status status="PASS" starttime="20220307 12:29:39.426" endtime="20220307 12:29:39.437"/>
</kw>
<status status="PASS" starttime="20220307 12:29:39.155" endtime="20220307 12:29:39.437"/>
</iter>
<iter>
<var name="${page_elements}">xpath://div[@data-portalharnessinsname="Data-Portal!UserPortal"]//div[@data-node-id="HomeWorklist"]//div[contains(@class,"badge-counter")]</var>
<kw name="Scroll Element Into View" library="SeleniumLibrary">
<arg>${page_elements}</arg>
<doc>Scrolls the element identified by ``locator`` into view.</doc>
<status status="PASS" starttime="20220307 12:29:39.437" endtime="20220307 12:29:39.704"/>
</kw>
<kw name="Element Should Be Visible" library="SeleniumLibrary">
<arg>${page_elements}</arg>
<doc>Verifies that the element identified by ``locator`` is visible.</doc>
<msg timestamp="20220307 12:29:39.715" level="INFO">Element 'xpath://div[@data-portalharnessinsname="Data-Portal!UserPortal"]//div[@data-node-id="HomeWorklist"]//div[contains(@class,"badge-counter")]' is displayed.</msg>
<status status="PASS" starttime="20220307 12:29:39.704" endtime="20220307 12:29:39.715"/>
</kw>
<status status="PASS" starttime="20220307 12:29:39.437" endtime="20220307 12:29:39.715"/>
</iter>
<status status="PASS" starttime="20220307 12:29:38.877" endtime="20220307 12:29:39.715"/>
</for>
<status status="PASS" starttime="20220307 12:29:38.876" endtime="20220307 12:29:39.715"/>
</kw>
<status status="PASS" starttime="20220307 12:29:32.306" endtime="20220307 12:29:39.715"/>
</kw>
<kw name="Close Application" library="CommonGlobal" type="TEARDOWN">
<kw name="Sleep" library="BuiltIn">
<arg>2s</arg>
<doc>Pauses the test executed for the given time.</doc>
<msg timestamp="20220307 12:29:41.731" level="INFO">Slept 2 seconds</msg>
<status status="PASS" starttime="20220307 12:29:39.716" endtime="20220307 12:29:41.731"/>
</kw>
<kw name="Close Browser" library="SeleniumLibrary" type="TEARDOWN">
<doc>Closes the current browser.</doc>
<status status="PASS" starttime="20220307 12:29:41.731" endtime="20220307 12:29:43.818"/>
</kw>
<status status="PASS" starttime="20220307 12:29:39.716" endtime="20220307 12:29:43.818"/>
</kw>
<doc>Validate Verify PEGA VR Bank Page</doc>
<tag>Regression</tag>
<status status="PASS" starttime="20220307 12:29:22.475" endtime="20220307 12:29:43.818"/>
</test>
<status status="PASS" starttime="20220307 12:29:22.447" endtime="20220307 12:29:43.819"/>
</suite>
<status status="PASS" starttime="20220307 12:27:55.660" endtime="20220307 12:29:43.821"/>
</suite>
<status status="PASS" starttime="20220307 12:27:55.632" endtime="20220307 12:29:43.823"/>
</suite>
<statistics>
<total>
<stat pass="4" fail="0" skip="0">All Tests</stat>
</total>
<tag>
<stat pass="4" fail="0" skip="0">Regression</stat>
</tag>
<suite>
<stat pass="4" fail="0" skip="0" id="s1" name="TestSuites">TestSuites</stat>
<stat pass="4" fail="0" skip="0" id="s1-s1" name="Regression">TestSuites.Regression</stat>
<stat pass="1" fail="0" skip="0" id="s1-s1-s1" name="Validate Verify Author VRBank Page">TestSuites.Regression.Validate Verify Author VRBank Page</stat>
<stat pass="1" fail="0" skip="0" id="s1-s1-s2" name="Validate Verify Login Page">TestSuites.Regression.Validate Verify Login Page</stat>
<stat pass="1" fail="0" skip="0" id="s1-s1-s3" name="Validate Verify Manager VRBank Page">TestSuites.Regression.Validate Verify Manager VRBank Page</stat>
<stat pass="1" fail="0" skip="0" id="s1-s1-s4" name="Validate Verify User VRBank Page">TestSuites.Regression.Validate Verify User VRBank Page</stat>
</suite>
</statistics>
<errors>
</errors>
</robot>
