<?xml version="1.0" encoding="UTF-8"?>
<robot generator="Robot 4.1.3 (Python 3.9.10 on win32)" generated="20220309 16:07:01.856" rpa="false" schemaversion="2">
<suite id="s1" name="Validate Verify Create Deceased Customer Dialog" source="Z:\Automation\Python\HCL_PEGA_ING\TestSuites\Regression\Validate_Verify_Create_Deceased_Customer_Dialog.robot">
<test id="s1-t1" name="Validate Verify User VR Bank Page">
<kw name="Open Application" library="CommonGlobal" type="SETUP">
<kw name="Set Environment Variable" library="OperatingSystem">
<arg>webdriver.chrome.driver</arg>
<arg>${EXECDIR}\\attest\\bin</arg>
<doc>Sets an environment variable to a specified value.</doc>
<msg timestamp="20220309 16:07:02.144" level="INFO">Environment variable 'webdriver.chrome.driver' set to value 'Z:\Automation\Python\HCL_PEGA_ING\attest\bin'.</msg>
<status status="PASS" starttime="20220309 16:07:02.144" endtime="20220309 16:07:02.144"/>
</kw>
<kw name="Create Webdriver" library="SeleniumLibrary">
<arg>Chrome</arg>
<arg>executable_path=${EXECDIR}\\attest\\bin\\chromedriver.exe</arg>
<doc>Creates an instance of Selenium WebDriver.</doc>
<msg timestamp="20220309 16:07:02.145" level="INFO">Creating an instance of the Chrome WebDriver.</msg>
<status status="PASS" starttime="20220309 16:07:02.145" endtime="20220309 16:07:03.410"/>
</kw>
<kw name="Go To" library="SeleniumLibrary">
<arg>${app_url}</arg>
<doc>Navigates the current browser window to the provided ``url``.</doc>
<msg timestamp="20220309 16:07:03.411" level="INFO">Opening url 'http://localhost:8080/prweb/PRServlet'</msg>
<status status="PASS" starttime="20220309 16:07:03.411" endtime="20220309 16:07:03.523"/>
</kw>
<kw name="Maximize Browser Window" library="SeleniumLibrary">
<doc>Maximizes current browser window.</doc>
<status status="PASS" starttime="20220309 16:07:03.524" endtime="20220309 16:07:03.647"/>
</kw>
<kw name="Wait Until Location Contains" library="SeleniumLibrary">
<arg>${app_url}</arg>
<doc>Waits until the current URL contains ``expected``.</doc>
<status status="PASS" starttime="20220309 16:07:03.647" endtime="20220309 16:07:03.650"/>
</kw>
<kw name="Location Should Contain" library="SeleniumLibrary">
<arg>${app_url}</arg>
<doc>Verifies that the current URL contains ``expected``.</doc>
<msg timestamp="20220309 16:07:03.653" level="INFO">Current location contains 'http://localhost:8080/prweb/PRServlet'.</msg>
<status status="PASS" starttime="20220309 16:07:03.651" endtime="20220309 16:07:03.653"/>
</kw>
<kw name="Sleep" library="BuiltIn">
<arg>2s</arg>
<doc>Pauses the test executed for the given time.</doc>
<msg timestamp="20220309 16:07:05.654" level="INFO">Slept 2 seconds</msg>
<status status="PASS" starttime="20220309 16:07:03.653" endtime="20220309 16:07:05.654"/>
</kw>
<status status="PASS" starttime="20220309 16:07:02.144" endtime="20220309 16:07:05.654"/>
</kw>
<kw name="Given that the user should navigate in PEGA Login Page">
<kw name="My Logger" library="common_global">
<arg>that the user should navigate in PEGA Login Page</arg>
<status status="PASS" starttime="20220309 16:07:05.655" endtime="20220309 16:07:05.656"/>
</kw>
<status status="PASS" starttime="20220309 16:07:05.655" endtime="20220309 16:07:05.656"/>
</kw>
<kw name="And user login using valid credentials">
<kw name="My Logger" library="common_global">
<arg>user login using valid credentials</arg>
<status status="PASS" starttime="20220309 16:07:05.656" endtime="20220309 16:07:05.657"/>
</kw>
<kw name="Login User" library="tasks_common">
<arg>${User.username}</arg>
<arg>${User.password}</arg>
<kw name="Set Textbox Value" library="tasks_textbox">
<arg>${login_mainScreen_user_textbox}</arg>
<arg>${input_email}</arg>
<kw name="Scroll Element Into View" library="SeleniumLibrary">
<arg>${input_selector}</arg>
<doc>Scrolls the element identified by ``locator`` into view.</doc>
<status status="PASS" starttime="20220309 16:07:05.660" endtime="20220309 16:07:05.928"/>
</kw>
<kw name="Element Should Be Visible" library="SeleniumLibrary">
<arg>${input_selector}</arg>
<doc>Verifies that the element identified by ``locator`` is visible.</doc>
<msg timestamp="20220309 16:07:05.947" level="INFO">Element 'xpath://div[@id="credentials"]//div[@class="field user"]//input' is displayed.</msg>
<status status="PASS" starttime="20220309 16:07:05.928" endtime="20220309 16:07:05.947"/>
</kw>
<kw name="Element Should Be Enabled" library="SeleniumLibrary">
<arg>${input_selector}</arg>
<doc>Verifies that element identified by ``locator`` is enabled.</doc>
<status status="PASS" starttime="20220309 16:07:05.947" endtime="20220309 16:07:05.966"/>
</kw>
<kw name="Input Text" library="SeleniumLibrary">
<arg>${input_selector}</arg>
<arg>${input_value}</arg>
<doc>Types the given ``text`` into the text field identified by ``locator``.</doc>
<msg timestamp="20220309 16:07:05.967" level="INFO">Typing text 'user@vrbank' into text field 'xpath://div[@id="credentials"]//div[@class="field user"]//input'.</msg>
<status status="PASS" starttime="20220309 16:07:05.966" endtime="20220309 16:07:06.013"/>
</kw>
<kw name="Sleep" library="BuiltIn">
<arg>1s</arg>
<doc>Pauses the test executed for the given time.</doc>
<msg timestamp="20220309 16:07:07.017" level="INFO">Slept 1 second</msg>
<status status="PASS" starttime="20220309 16:07:06.013" endtime="20220309 16:07:07.017"/>
</kw>
<status status="PASS" starttime="20220309 16:07:05.659" endtime="20220309 16:07:07.017"/>
</kw>
<kw name="Set Textbox Value" library="tasks_textbox">
<arg>${login_mainScreen_password_textbox}</arg>
<arg>${input_password}</arg>
<kw name="Scroll Element Into View" library="SeleniumLibrary">
<arg>${input_selector}</arg>
<doc>Scrolls the element identified by ``locator`` into view.</doc>
<status status="PASS" starttime="20220309 16:07:07.018" endtime="20220309 16:07:07.282"/>
</kw>
<kw name="Element Should Be Visible" library="SeleniumLibrary">
<arg>${input_selector}</arg>
<doc>Verifies that the element identified by ``locator`` is visible.</doc>
<msg timestamp="20220309 16:07:07.296" level="INFO">Element 'xpath://div[@id="credentials"]//div[@class="field password"]//input' is displayed.</msg>
<status status="PASS" starttime="20220309 16:07:07.282" endtime="20220309 16:07:07.296"/>
</kw>
<kw name="Element Should Be Enabled" library="SeleniumLibrary">
<arg>${input_selector}</arg>
<doc>Verifies that element identified by ``locator`` is enabled.</doc>
<status status="PASS" starttime="20220309 16:07:07.296" endtime="20220309 16:07:07.316"/>
</kw>
<kw name="Input Text" library="SeleniumLibrary">
<arg>${input_selector}</arg>
<arg>${input_value}</arg>
<doc>Types the given ``text`` into the text field identified by ``locator``.</doc>
<msg timestamp="20220309 16:07:07.316" level="INFO">Typing text 'pega123!' into text field 'xpath://div[@id="credentials"]//div[@class="field password"]//input'.</msg>
<status status="PASS" starttime="20220309 16:07:07.316" endtime="20220309 16:07:07.367"/>
</kw>
<kw name="Sleep" library="BuiltIn">
<arg>1s</arg>
<doc>Pauses the test executed for the given time.</doc>
<msg timestamp="20220309 16:07:08.378" level="INFO">Slept 1 second</msg>
<status status="PASS" starttime="20220309 16:07:07.367" endtime="20220309 16:07:08.378"/>
</kw>
<status status="PASS" starttime="20220309 16:07:07.017" endtime="20220309 16:07:08.378"/>
</kw>
<kw name="Click Button" library="SeleniumLibrary">
<arg>${login_mainScreen_login_button}</arg>
<doc>Clicks the button identified by ``locator``.</doc>
<msg timestamp="20220309 16:07:08.378" level="INFO">Clicking button 'xpath://div[@id="credentials"]//button[contains(@class,"loginButton")]'.</msg>
<status status="PASS" starttime="20220309 16:07:08.378" endtime="20220309 16:07:10.184"/>
</kw>
<kw name="Sleep" library="BuiltIn">
<arg>2s</arg>
<doc>Pauses the test executed for the given time.</doc>
<msg timestamp="20220309 16:07:12.194" level="INFO">Slept 2 seconds</msg>
<status status="PASS" starttime="20220309 16:07:10.184" endtime="20220309 16:07:12.194"/>
</kw>
<status status="PASS" starttime="20220309 16:07:05.657" endtime="20220309 16:07:12.194"/>
</kw>
<status status="PASS" starttime="20220309 16:07:05.656" endtime="20220309 16:07:12.194"/>
</kw>
<kw name="Then user should see the VR Bank Page">
<kw name="My Logger" library="common_global">
<arg>user login using valid credentials</arg>
<status status="PASS" starttime="20220309 16:07:12.195" endtime="20220309 16:07:12.195"/>
</kw>
<kw name="Element Should Be Visible" library="SeleniumLibrary">
<arg>${vrbank_nav_logo_link}</arg>
<doc>Verifies that the element identified by ``locator`` is visible.</doc>
<msg timestamp="20220309 16:07:12.215" level="INFO">Element 'xpath://div[@data-portalharnessinsname="Data-Portal!UserPortal"]//aside[@data-skip-target="navigation"]//img[@data-ctl="Icon"]' is displayed.</msg>
<status status="PASS" starttime="20220309 16:07:12.195" endtime="20220309 16:07:12.215"/>
</kw>
<status status="PASS" starttime="20220309 16:07:12.195" endtime="20220309 16:07:12.215"/>
</kw>
<kw name="And user verify that the all fields is Visible">
<kw name="My Logger" library="common_global">
<arg>user login using valid credentials</arg>
<status status="PASS" starttime="20220309 16:07:12.216" endtime="20220309 16:07:12.216"/>
</kw>
<kw name="Verify Page Elements should be Visible" library="assertions_common">
<arg>@{vrbank_nav_field_elements}</arg>
<kw name="My Logger" library="common_global">
<arg>PERFORMING: Verify Page Elements should be Visible</arg>
<status status="PASS" starttime="20220309 16:07:12.217" endtime="20220309 16:07:12.217"/>
</kw>
<for flavor="IN">
<var>${page_elements}</var>
<value>@{list_page_elements}</value>
<iter>
<var name="${page_elements}">xpath://div[@data-portalharnessinsname="Data-Portal!UserPortal"]//aside[@data-skip-target="navigation"]//img[@data-ctl="Icon"]</var>
<kw name="Wait Until Element Is Visible" library="SeleniumLibrary">
<arg>${page_elements}</arg>
<arg>5s</arg>
<doc>Waits until the element ``locator`` is visible.</doc>
<status status="PASS" starttime="20220309 16:07:12.217" endtime="20220309 16:07:12.228"/>
</kw>
<kw name="Scroll Element Into View" library="SeleniumLibrary">
<arg>${page_elements}</arg>
<doc>Scrolls the element identified by ``locator`` into view.</doc>
<status status="PASS" starttime="20220309 16:07:12.228" endtime="20220309 16:07:12.498"/>
</kw>
<kw name="Element Should Be Visible" library="SeleniumLibrary">
<arg>${page_elements}</arg>
<doc>Verifies that the element identified by ``locator`` is visible.</doc>
<msg timestamp="20220309 16:07:12.509" level="INFO">Element 'xpath://div[@data-portalharnessinsname="Data-Portal!UserPortal"]//aside[@data-skip-target="navigation"]//img[@data-ctl="Icon"]' is displayed.</msg>
<status status="PASS" starttime="20220309 16:07:12.498" endtime="20220309 16:07:12.509"/>
</kw>
<status status="PASS" starttime="20220309 16:07:12.217" endtime="20220309 16:07:12.509"/>
</iter>
<iter>
<var name="${page_elements}">xpath://div[@data-portalharnessinsname="Data-Portal!UserPortal"]//aside[@data-skip-target="navigation"]//button[contains(@name,"WorkSearchGadget")]</var>
<kw name="Wait Until Element Is Visible" library="SeleniumLibrary">
<arg>${page_elements}</arg>
<arg>5s</arg>
<doc>Waits until the element ``locator`` is visible.</doc>
<status status="PASS" starttime="20220309 16:07:12.509" endtime="20220309 16:07:12.524"/>
</kw>
<kw name="Scroll Element Into View" library="SeleniumLibrary">
<arg>${page_elements}</arg>
<doc>Scrolls the element identified by ``locator`` into view.</doc>
<status status="PASS" starttime="20220309 16:07:12.524" endtime="20220309 16:07:12.794"/>
</kw>
<kw name="Element Should Be Visible" library="SeleniumLibrary">
<arg>${page_elements}</arg>
<doc>Verifies that the element identified by ``locator`` is visible.</doc>
<msg timestamp="20220309 16:07:12.806" level="INFO">Element 'xpath://div[@data-portalharnessinsname="Data-Portal!UserPortal"]//aside[@data-skip-target="navigation"]//button[contains(@name,"WorkSearchGadget")]' is displayed.</msg>
<status status="PASS" starttime="20220309 16:07:12.794" endtime="20220309 16:07:12.806"/>
</kw>
<status status="PASS" starttime="20220309 16:07:12.509" endtime="20220309 16:07:12.806"/>
</iter>
<iter>
<var name="${page_elements}">xpath://div[@data-portalharnessinsname="Data-Portal!UserPortal"]//aside[@data-skip-target="navigation"]//div[@data-tour-id="cm-create-case-menu"]</var>
<kw name="Wait Until Element Is Visible" library="SeleniumLibrary">
<arg>${page_elements}</arg>
<arg>5s</arg>
<doc>Waits until the element ``locator`` is visible.</doc>
<status status="PASS" starttime="20220309 16:07:12.807" endtime="20220309 16:07:12.822"/>
</kw>
<kw name="Scroll Element Into View" library="SeleniumLibrary">
<arg>${page_elements}</arg>
<doc>Scrolls the element identified by ``locator`` into view.</doc>
<status status="PASS" starttime="20220309 16:07:12.823" endtime="20220309 16:07:13.094"/>
</kw>
<kw name="Element Should Be Visible" library="SeleniumLibrary">
<arg>${page_elements}</arg>
<doc>Verifies that the element identified by ``locator`` is visible.</doc>
<msg timestamp="20220309 16:07:13.105" level="INFO">Element 'xpath://div[@data-portalharnessinsname="Data-Portal!UserPortal"]//aside[@data-skip-target="navigation"]//div[@data-tour-id="cm-create-case-menu"]' is displayed.</msg>
<status status="PASS" starttime="20220309 16:07:13.094" endtime="20220309 16:07:13.105"/>
</kw>
<status status="PASS" starttime="20220309 16:07:12.806" endtime="20220309 16:07:13.105"/>
</iter>
<iter>
<var name="${page_elements}">xpath://div[contains(@class,"menu-format-primary-navigation")]//li[@data-test-id="dynamic-nav-menu_1" or contains(@class,"menu-item-enabled")][1]</var>
<kw name="Wait Until Element Is Visible" library="SeleniumLibrary">
<arg>${page_elements}</arg>
<arg>5s</arg>
<doc>Waits until the element ``locator`` is visible.</doc>
<status status="PASS" starttime="20220309 16:07:13.105" endtime="20220309 16:07:13.120"/>
</kw>
<kw name="Scroll Element Into View" library="SeleniumLibrary">
<arg>${page_elements}</arg>
<doc>Scrolls the element identified by ``locator`` into view.</doc>
<status status="PASS" starttime="20220309 16:07:13.120" endtime="20220309 16:07:13.393"/>
</kw>
<kw name="Element Should Be Visible" library="SeleniumLibrary">
<arg>${page_elements}</arg>
<doc>Verifies that the element identified by ``locator`` is visible.</doc>
<msg timestamp="20220309 16:07:13.405" level="INFO">Element 'xpath://div[contains(@class,"menu-format-primary-navigation")]//li[@data-test-id="dynamic-nav-menu_1" or contains(@class,"menu-item-enabled")][1]' is displayed.</msg>
<status status="PASS" starttime="20220309 16:07:13.393" endtime="20220309 16:07:13.405"/>
</kw>
<status status="PASS" starttime="20220309 16:07:13.105" endtime="20220309 16:07:13.405"/>
</iter>
<iter>
<var name="${page_elements}">xpath://div[contains(@class,"menu-format-primary-navigation")]//li[@data-test-id="dynamic-nav-menu_2" or contains(@class,"menu-item-enabled")][2]</var>
<kw name="Wait Until Element Is Visible" library="SeleniumLibrary">
<arg>${page_elements}</arg>
<arg>5s</arg>
<doc>Waits until the element ``locator`` is visible.</doc>
<status status="PASS" starttime="20220309 16:07:13.405" endtime="20220309 16:07:13.427"/>
</kw>
<kw name="Scroll Element Into View" library="SeleniumLibrary">
<arg>${page_elements}</arg>
<doc>Scrolls the element identified by ``locator`` into view.</doc>
<status status="PASS" starttime="20220309 16:07:13.427" endtime="20220309 16:07:13.708"/>
</kw>
<kw name="Element Should Be Visible" library="SeleniumLibrary">
<arg>${page_elements}</arg>
<doc>Verifies that the element identified by ``locator`` is visible.</doc>
<msg timestamp="20220309 16:07:13.719" level="INFO">Element 'xpath://div[contains(@class,"menu-format-primary-navigation")]//li[@data-test-id="dynamic-nav-menu_2" or contains(@class,"menu-item-enabled")][2]' is displayed.</msg>
<status status="PASS" starttime="20220309 16:07:13.708" endtime="20220309 16:07:13.719"/>
</kw>
<status status="PASS" starttime="20220309 16:07:13.405" endtime="20220309 16:07:13.719"/>
</iter>
<iter>
<var name="${page_elements}">xpath://div[contains(@class,"menu-format-primary-navigation")]//li[@data-test-id="dynamic-nav-menu_3" or contains(@class,"menu-item-enabled")][3]</var>
<kw name="Wait Until Element Is Visible" library="SeleniumLibrary">
<arg>${page_elements}</arg>
<arg>5s</arg>
<doc>Waits until the element ``locator`` is visible.</doc>
<status status="PASS" starttime="20220309 16:07:13.719" endtime="20220309 16:07:13.734"/>
</kw>
<kw name="Scroll Element Into View" library="SeleniumLibrary">
<arg>${page_elements}</arg>
<doc>Scrolls the element identified by ``locator`` into view.</doc>
<status status="PASS" starttime="20220309 16:07:13.734" endtime="20220309 16:07:14.006"/>
</kw>
<kw name="Element Should Be Visible" library="SeleniumLibrary">
<arg>${page_elements}</arg>
<doc>Verifies that the element identified by ``locator`` is visible.</doc>
<msg timestamp="20220309 16:07:14.017" level="INFO">Element 'xpath://div[contains(@class,"menu-format-primary-navigation")]//li[@data-test-id="dynamic-nav-menu_3" or contains(@class,"menu-item-enabled")][3]' is displayed.</msg>
<status status="PASS" starttime="20220309 16:07:14.006" endtime="20220309 16:07:14.017"/>
</kw>
<status status="PASS" starttime="20220309 16:07:13.719" endtime="20220309 16:07:14.017"/>
</iter>
<iter>
<var name="${page_elements}">xpath://div[contains(@class,"menu-format-primary-navigation")]//li[@data-test-id="dynamic-nav-menu_4" or contains(@class,"menu-item-enabled")][4]</var>
<kw name="Wait Until Element Is Visible" library="SeleniumLibrary">
<arg>${page_elements}</arg>
<arg>5s</arg>
<doc>Waits until the element ``locator`` is visible.</doc>
<status status="PASS" starttime="20220309 16:07:14.017" endtime="20220309 16:07:14.032"/>
</kw>
<kw name="Scroll Element Into View" library="SeleniumLibrary">
<arg>${page_elements}</arg>
<doc>Scrolls the element identified by ``locator`` into view.</doc>
<status status="PASS" starttime="20220309 16:07:14.032" endtime="20220309 16:07:14.306"/>
</kw>
<kw name="Element Should Be Visible" library="SeleniumLibrary">
<arg>${page_elements}</arg>
<doc>Verifies that the element identified by ``locator`` is visible.</doc>
<msg timestamp="20220309 16:07:14.317" level="INFO">Element 'xpath://div[contains(@class,"menu-format-primary-navigation")]//li[@data-test-id="dynamic-nav-menu_4" or contains(@class,"menu-item-enabled")][4]' is displayed.</msg>
<status status="PASS" starttime="20220309 16:07:14.306" endtime="20220309 16:07:14.317"/>
</kw>
<status status="PASS" starttime="20220309 16:07:14.017" endtime="20220309 16:07:14.317"/>
</iter>
<iter>
<var name="${page_elements}">xpath://div[contains(@class,"menu-format-primary-navigation")]//li[@data-test-id="dynamic-nav-menu_6" or contains(@class,"menu-item-enabled")][5]</var>
<kw name="Wait Until Element Is Visible" library="SeleniumLibrary">
<arg>${page_elements}</arg>
<arg>5s</arg>
<doc>Waits until the element ``locator`` is visible.</doc>
<status status="PASS" starttime="20220309 16:07:14.317" endtime="20220309 16:07:14.332"/>
</kw>
<kw name="Scroll Element Into View" library="SeleniumLibrary">
<arg>${page_elements}</arg>
<doc>Scrolls the element identified by ``locator`` into view.</doc>
<status status="PASS" starttime="20220309 16:07:14.332" endtime="20220309 16:07:14.605"/>
</kw>
<kw name="Element Should Be Visible" library="SeleniumLibrary">
<arg>${page_elements}</arg>
<doc>Verifies that the element identified by ``locator`` is visible.</doc>
<msg timestamp="20220309 16:07:14.616" level="INFO">Element 'xpath://div[contains(@class,"menu-format-primary-navigation")]//li[@data-test-id="dynamic-nav-menu_6" or contains(@class,"menu-item-enabled")][5]' is displayed.</msg>
<status status="PASS" starttime="20220309 16:07:14.605" endtime="20220309 16:07:14.616"/>
</kw>
<status status="PASS" starttime="20220309 16:07:14.317" endtime="20220309 16:07:14.616"/>
</iter>
<iter>
<var name="${page_elements}">xpath://div[@data-portalharnessinsname="Data-Portal!UserPortal"]//aside[@data-skip-target="navigation"]//div[contains(@class,"user-menu")]//li[contains(@class,"menu-item-enabled")][1]</var>
<kw name="Wait Until Element Is Visible" library="SeleniumLibrary">
<arg>${page_elements}</arg>
<arg>5s</arg>
<doc>Waits until the element ``locator`` is visible.</doc>
<status status="PASS" starttime="20220309 16:07:14.617" endtime="20220309 16:07:14.631"/>
</kw>
<kw name="Scroll Element Into View" library="SeleniumLibrary">
<arg>${page_elements}</arg>
<doc>Scrolls the element identified by ``locator`` into view.</doc>
<status status="PASS" starttime="20220309 16:07:14.631" endtime="20220309 16:07:14.903"/>
</kw>
<kw name="Element Should Be Visible" library="SeleniumLibrary">
<arg>${page_elements}</arg>
<doc>Verifies that the element identified by ``locator`` is visible.</doc>
<msg timestamp="20220309 16:07:14.913" level="INFO">Element 'xpath://div[@data-portalharnessinsname="Data-Portal!UserPortal"]//aside[@data-skip-target="navigation"]//div[contains(@class,"user-menu")]//li[contains(@class,"menu-item-enabled")][1]' is displayed.</msg>
<status status="PASS" starttime="20220309 16:07:14.903" endtime="20220309 16:07:14.913"/>
</kw>
<status status="PASS" starttime="20220309 16:07:14.616" endtime="20220309 16:07:14.914"/>
</iter>
<iter>
<var name="${page_elements}">xpath://div[@data-portalharnessinsname="Data-Portal!UserPortal"]//aside[@data-skip-target="navigation"]//div[contains(@class,"user-menu")]//li[contains(@class,"menu-item-enabled")][2]</var>
<kw name="Wait Until Element Is Visible" library="SeleniumLibrary">
<arg>${page_elements}</arg>
<arg>5s</arg>
<doc>Waits until the element ``locator`` is visible.</doc>
<status status="PASS" starttime="20220309 16:07:14.914" endtime="20220309 16:07:14.928"/>
</kw>
<kw name="Scroll Element Into View" library="SeleniumLibrary">
<arg>${page_elements}</arg>
<doc>Scrolls the element identified by ``locator`` into view.</doc>
<status status="PASS" starttime="20220309 16:07:14.928" endtime="20220309 16:07:15.196"/>
</kw>
<kw name="Element Should Be Visible" library="SeleniumLibrary">
<arg>${page_elements}</arg>
<doc>Verifies that the element identified by ``locator`` is visible.</doc>
<msg timestamp="20220309 16:07:15.207" level="INFO">Element 'xpath://div[@data-portalharnessinsname="Data-Portal!UserPortal"]//aside[@data-skip-target="navigation"]//div[contains(@class,"user-menu")]//li[contains(@class,"menu-item-enabled")][2]' is displayed.</msg>
<status status="PASS" starttime="20220309 16:07:15.196" endtime="20220309 16:07:15.207"/>
</kw>
<status status="PASS" starttime="20220309 16:07:14.914" endtime="20220309 16:07:15.207"/>
</iter>
<iter>
<var name="${page_elements}">xpath://div[@data-portalharnessinsname="Data-Portal!UserPortal"]//aside[@data-skip-target="navigation"]//div[contains(@class,"user-menu")]//li[contains(@class,"menu-item-enabled")][3]</var>
<kw name="Wait Until Element Is Visible" library="SeleniumLibrary">
<arg>${page_elements}</arg>
<arg>5s</arg>
<doc>Waits until the element ``locator`` is visible.</doc>
<status status="PASS" starttime="20220309 16:07:15.208" endtime="20220309 16:07:15.222"/>
</kw>
<kw name="Scroll Element Into View" library="SeleniumLibrary">
<arg>${page_elements}</arg>
<doc>Scrolls the element identified by ``locator`` into view.</doc>
<status status="PASS" starttime="20220309 16:07:15.222" endtime="20220309 16:07:15.491"/>
</kw>
<kw name="Element Should Be Visible" library="SeleniumLibrary">
<arg>${page_elements}</arg>
<doc>Verifies that the element identified by ``locator`` is visible.</doc>
<msg timestamp="20220309 16:07:15.503" level="INFO">Element 'xpath://div[@data-portalharnessinsname="Data-Portal!UserPortal"]//aside[@data-skip-target="navigation"]//div[contains(@class,"user-menu")]//li[contains(@class,"menu-item-enabled")][3]' is displayed.</msg>
<status status="PASS" starttime="20220309 16:07:15.491" endtime="20220309 16:07:15.503"/>
</kw>
<status status="PASS" starttime="20220309 16:07:15.207" endtime="20220309 16:07:15.503"/>
</iter>
<iter>
<var name="${page_elements}">xpath://div[@data-portalharnessinsname="Data-Portal!UserPortal"]//aside[@data-skip-target="navigation"]//div[contains(@class,"operator-avatar")]</var>
<kw name="Wait Until Element Is Visible" library="SeleniumLibrary">
<arg>${page_elements}</arg>
<arg>5s</arg>
<doc>Waits until the element ``locator`` is visible.</doc>
<status status="PASS" starttime="20220309 16:07:15.504" endtime="20220309 16:07:15.519"/>
</kw>
<kw name="Scroll Element Into View" library="SeleniumLibrary">
<arg>${page_elements}</arg>
<doc>Scrolls the element identified by ``locator`` into view.</doc>
<status status="PASS" starttime="20220309 16:07:15.519" endtime="20220309 16:07:15.788"/>
</kw>
<kw name="Element Should Be Visible" library="SeleniumLibrary">
<arg>${page_elements}</arg>
<doc>Verifies that the element identified by ``locator`` is visible.</doc>
<msg timestamp="20220309 16:07:15.799" level="INFO">Element 'xpath://div[@data-portalharnessinsname="Data-Portal!UserPortal"]//aside[@data-skip-target="navigation"]//div[contains(@class,"operator-avatar")]' is displayed.</msg>
<status status="PASS" starttime="20220309 16:07:15.788" endtime="20220309 16:07:15.799"/>
</kw>
<status status="PASS" starttime="20220309 16:07:15.504" endtime="20220309 16:07:15.799"/>
</iter>
<status status="PASS" starttime="20220309 16:07:12.217" endtime="20220309 16:07:15.799"/>
</for>
<status status="PASS" starttime="20220309 16:07:12.217" endtime="20220309 16:07:15.799"/>
</kw>
<kw name="Navigate To" library="CommonGlobal">
<arg>${vrbank_nav_spaces_button}</arg>
<kw name="Sleep" library="BuiltIn">
<arg>2s</arg>
<doc>Pauses the test executed for the given time.</doc>
<msg timestamp="20220309 16:07:17.801" level="INFO">Slept 2 seconds</msg>
<status status="PASS" starttime="20220309 16:07:15.800" endtime="20220309 16:07:17.801"/>
</kw>
<kw name="Run Keyword And Return Status" library="BuiltIn">
<var>${sub_nav}</var>
<arg>Should Contain</arg>
<arg>${nav_selector}</arg>
<arg>create-case-menu</arg>
<doc>Runs the given keyword with given arguments and returns the status as a Boolean value.</doc>
<kw name="Should Contain" library="BuiltIn">
<arg>${nav_selector}</arg>
<arg>create-case-menu</arg>
<doc>Fails if ``container`` does not contain ``item`` one or more times.</doc>
<msg timestamp="20220309 16:07:17.802" level="FAIL">'xpath://div[contains(@class,"menu-format-primary-navigation")]//li[@data-test-id="dynamic-nav-menu_3" or contains(@class,"menu-item-enabled")][3]' does not contain 'create-case-menu'</msg>
<status status="FAIL" starttime="20220309 16:07:17.801" endtime="20220309 16:07:17.802"/>
</kw>
<msg timestamp="20220309 16:07:17.802" level="INFO">${sub_nav} = False</msg>
<status status="PASS" starttime="20220309 16:07:17.801" endtime="20220309 16:07:17.802"/>
</kw>
<if>
<branch type="IF" condition="&quot;${sub_nav}&quot; == &quot;True&quot;">
<kw name="Set Selenium Timeout" library="SeleniumLibrary">
<arg>5s</arg>
<doc>Sets the timeout that is used by various keywords.</doc>
<status status="NOT RUN" starttime="20220309 16:07:17.802" endtime="20220309 16:07:17.802"/>
</kw>
<kw name="Click Element" library="SeleniumLibrary">
<arg>${vrbank_nav_create_case_button}</arg>
<doc>Click the element identified by ``locator``.</doc>
<status status="NOT RUN" starttime="20220309 16:07:17.803" endtime="20220309 16:07:17.803"/>
</kw>
<kw name="Sleep" library="BuiltIn">
<arg>2s</arg>
<doc>Pauses the test executed for the given time.</doc>
<status status="NOT RUN" starttime="20220309 16:07:17.803" endtime="20220309 16:07:17.803"/>
</kw>
<kw name="Wait Until Element Is Visible" library="SeleniumLibrary">
<arg>${nav_selector}</arg>
<doc>Waits until the element ``locator`` is visible.</doc>
<status status="NOT RUN" starttime="20220309 16:07:17.803" endtime="20220309 16:07:17.803"/>
</kw>
<kw name="Element Should Be Enabled" library="SeleniumLibrary">
<arg>${nav_selector}</arg>
<doc>Verifies that element identified by ``locator`` is enabled.</doc>
<status status="NOT RUN" starttime="20220309 16:07:17.803" endtime="20220309 16:07:17.803"/>
</kw>
<kw name="Click Element" library="SeleniumLibrary">
<arg>${nav_selector}</arg>
<doc>Click the element identified by ``locator``.</doc>
<status status="NOT RUN" starttime="20220309 16:07:17.803" endtime="20220309 16:07:17.803"/>
</kw>
<status status="NOT RUN" starttime="20220309 16:07:17.802" endtime="20220309 16:07:17.803"/>
</branch>
<branch type="ELSE IF" condition="&quot;${sub_nav}&quot; == &quot;False&quot;">
<kw name="Set Selenium Timeout" library="SeleniumLibrary">
<arg>5s</arg>
<doc>Sets the timeout that is used by various keywords.</doc>
<status status="PASS" starttime="20220309 16:07:17.803" endtime="20220309 16:07:17.804"/>
</kw>
<kw name="Element Should Be Visible" library="SeleniumLibrary">
<arg>${nav_selector}</arg>
<doc>Verifies that the element identified by ``locator`` is visible.</doc>
<msg timestamp="20220309 16:07:17.825" level="INFO">Element 'xpath://div[contains(@class,"menu-format-primary-navigation")]//li[@data-test-id="dynamic-nav-menu_3" or contains(@class,"menu-item-enabled")][3]' is displayed.</msg>
<status status="PASS" starttime="20220309 16:07:17.805" endtime="20220309 16:07:17.825"/>
</kw>
<kw name="Element Should Be Enabled" library="SeleniumLibrary">
<arg>${nav_selector}</arg>
<doc>Verifies that element identified by ``locator`` is enabled.</doc>
<status status="PASS" starttime="20220309 16:07:17.825" endtime="20220309 16:07:17.847"/>
</kw>
<kw name="Click Element" library="SeleniumLibrary">
<arg>${nav_selector}</arg>
<doc>Click the element identified by ``locator``.</doc>
<msg timestamp="20220309 16:07:17.847" level="INFO">Clicking element 'xpath://div[contains(@class,"menu-format-primary-navigation")]//li[@data-test-id="dynamic-nav-menu_3" or contains(@class,"menu-item-enabled")][3]'.</msg>
<status status="PASS" starttime="20220309 16:07:17.847" endtime="20220309 16:07:18.016"/>
</kw>
<status status="PASS" starttime="20220309 16:07:17.803" endtime="20220309 16:07:18.016"/>
</branch>
<status status="PASS" starttime="20220309 16:07:17.802" endtime="20220309 16:07:18.016"/>
</if>
<status status="PASS" starttime="20220309 16:07:15.799" endtime="20220309 16:07:18.016"/>
</kw>
<kw name="Navigate To" library="CommonGlobal">
<arg>${vrbank_nav_create_case_deceased_customer_button}</arg>
<kw name="Sleep" library="BuiltIn">
<arg>2s</arg>
<doc>Pauses the test executed for the given time.</doc>
<msg timestamp="20220309 16:07:20.030" level="INFO">Slept 2 seconds</msg>
<status status="PASS" starttime="20220309 16:07:18.017" endtime="20220309 16:07:20.030"/>
</kw>
<kw name="Run Keyword And Return Status" library="BuiltIn">
<var>${sub_nav}</var>
<arg>Should Contain</arg>
<arg>${nav_selector}</arg>
<arg>create-case-menu</arg>
<doc>Runs the given keyword with given arguments and returns the status as a Boolean value.</doc>
<kw name="Should Contain" library="BuiltIn">
<arg>${nav_selector}</arg>
<arg>create-case-menu</arg>
<doc>Fails if ``container`` does not contain ``item`` one or more times.</doc>
<status status="PASS" starttime="20220309 16:07:20.030" endtime="20220309 16:07:20.031"/>
</kw>
<msg timestamp="20220309 16:07:20.031" level="INFO">${sub_nav} = True</msg>
<status status="PASS" starttime="20220309 16:07:20.030" endtime="20220309 16:07:20.031"/>
</kw>
<if>
<branch type="IF" condition="&quot;${sub_nav}&quot; == &quot;True&quot;">
<kw name="Set Selenium Timeout" library="SeleniumLibrary">
<arg>5s</arg>
<doc>Sets the timeout that is used by various keywords.</doc>
<status status="PASS" starttime="20220309 16:07:20.031" endtime="20220309 16:07:20.032"/>
</kw>
<kw name="Click Element" library="SeleniumLibrary">
<arg>${vrbank_nav_create_case_button}</arg>
<doc>Click the element identified by ``locator``.</doc>
<msg timestamp="20220309 16:07:20.032" level="INFO">Clicking element 'xpath://div[@data-portalharnessinsname="Data-Portal!UserPortal"]//aside[@data-skip-target="navigation"]//div[@data-tour-id="cm-create-case-menu"]'.</msg>
<status status="PASS" starttime="20220309 16:07:20.032" endtime="20220309 16:07:20.117"/>
</kw>
<kw name="Sleep" library="BuiltIn">
<arg>2s</arg>
<doc>Pauses the test executed for the given time.</doc>
<msg timestamp="20220309 16:07:22.127" level="INFO">Slept 2 seconds</msg>
<status status="PASS" starttime="20220309 16:07:20.118" endtime="20220309 16:07:22.127"/>
</kw>
<kw name="Wait Until Element Is Visible" library="SeleniumLibrary">
<arg>${nav_selector}</arg>
<doc>Waits until the element ``locator`` is visible.</doc>
<status status="PASS" starttime="20220309 16:07:22.127" endtime="20220309 16:07:22.146"/>
</kw>
<kw name="Element Should Be Enabled" library="SeleniumLibrary">
<arg>${nav_selector}</arg>
<doc>Verifies that element identified by ``locator`` is enabled.</doc>
<status status="PASS" starttime="20220309 16:07:22.146" endtime="20220309 16:07:22.166"/>
</kw>
<kw name="Click Element" library="SeleniumLibrary">
<arg>${nav_selector}</arg>
<doc>Click the element identified by ``locator``.</doc>
<msg timestamp="20220309 16:07:22.167" level="INFO">Clicking element 'xpath://div[@data-portalharnessinsname="Data-Portal!UserPortal"]//aside[@data-skip-target="navigation"]//div[@data-tour-id="cm-create-case-menu"]//ul[contains(@class,"menu-format-create-case-menu")]//li[@title="Deceased Customer"]'.</msg>
<status status="PASS" starttime="20220309 16:07:22.166" endtime="20220309 16:07:22.308"/>
</kw>
<status status="PASS" starttime="20220309 16:07:20.031" endtime="20220309 16:07:22.308"/>
</branch>
<branch type="ELSE IF" condition="&quot;${sub_nav}&quot; == &quot;False&quot;">
<kw name="Set Selenium Timeout" library="SeleniumLibrary">
<arg>5s</arg>
<doc>Sets the timeout that is used by various keywords.</doc>
<status status="NOT RUN" starttime="20220309 16:07:22.308" endtime="20220309 16:07:22.308"/>
</kw>
<kw name="Element Should Be Visible" library="SeleniumLibrary">
<arg>${nav_selector}</arg>
<doc>Verifies that the element identified by ``locator`` is visible.</doc>
<status status="NOT RUN" starttime="20220309 16:07:22.308" endtime="20220309 16:07:22.308"/>
</kw>
<kw name="Element Should Be Enabled" library="SeleniumLibrary">
<arg>${nav_selector}</arg>
<doc>Verifies that element identified by ``locator`` is enabled.</doc>
<status status="NOT RUN" starttime="20220309 16:07:22.308" endtime="20220309 16:07:22.308"/>
</kw>
<kw name="Click Element" library="SeleniumLibrary">
<arg>${nav_selector}</arg>
<doc>Click the element identified by ``locator``.</doc>
<status status="NOT RUN" starttime="20220309 16:07:22.308" endtime="20220309 16:07:22.308"/>
</kw>
<status status="NOT RUN" starttime="20220309 16:07:22.308" endtime="20220309 16:07:22.308"/>
</branch>
<status status="PASS" starttime="20220309 16:07:20.031" endtime="20220309 16:07:22.309"/>
</if>
<status status="PASS" starttime="20220309 16:07:18.016" endtime="20220309 16:07:22.309"/>
</kw>
<kw name="Verify Page Elements should be Visible" library="assertions_common">
<arg>@{create_deceased_customer_field_elements}</arg>
<kw name="My Logger" library="common_global">
<arg>PERFORMING: Verify Page Elements should be Visible</arg>
<status status="PASS" starttime="20220309 16:07:22.309" endtime="20220309 16:07:22.309"/>
</kw>
<for flavor="IN">
<var>${page_elements}</var>
<value>@{list_page_elements}</value>
<iter>
<var name="${page_elements}">xpath://fieldset[@class="mdc-fieldset"]//div[@node_name="pyCaseActionArea"]//button[contains(@name,"CaseActionAreaButtons") and text()="Create"]/ancestor::div[contains(@class,"content-field")]</var>
<kw name="Wait Until Element Is Visible" library="SeleniumLibrary">
<arg>${page_elements}</arg>
<arg>5s</arg>
<doc>Waits until the element ``locator`` is visible.</doc>
<status status="PASS" starttime="20220309 16:07:22.310" endtime="20220309 16:07:22.776"/>
</kw>
<kw name="Scroll Element Into View" library="SeleniumLibrary">
<arg>${page_elements}</arg>
<doc>Scrolls the element identified by ``locator`` into view.</doc>
<status status="PASS" starttime="20220309 16:07:22.776" endtime="20220309 16:07:23.056"/>
</kw>
<kw name="Element Should Be Visible" library="SeleniumLibrary">
<arg>${page_elements}</arg>
<doc>Verifies that the element identified by ``locator`` is visible.</doc>
<msg timestamp="20220309 16:07:23.067" level="INFO">Element 'xpath://fieldset[@class="mdc-fieldset"]//div[@node_name="pyCaseActionArea"]//button[contains(@name,"CaseActionAreaButtons") and text()="Create"]/ancestor::div[contains(@class,"content-field")]' is displayed.</msg>
<status status="PASS" starttime="20220309 16:07:23.056" endtime="20220309 16:07:23.067"/>
</kw>
<status status="PASS" starttime="20220309 16:07:22.310" endtime="20220309 16:07:23.067"/>
</iter>
<iter>
<var name="${page_elements}">xpath://fieldset[@class="mdc-fieldset"]//div[@node_name="pyCaseActionArea"]//button[contains(@name,"CaseActionAreaButtons") and text()="Cancel"]/ancestor::div[contains(@class,"content-field")]</var>
<kw name="Wait Until Element Is Visible" library="SeleniumLibrary">
<arg>${page_elements}</arg>
<arg>5s</arg>
<doc>Waits until the element ``locator`` is visible.</doc>
<status status="PASS" starttime="20220309 16:07:23.067" endtime="20220309 16:07:23.082"/>
</kw>
<kw name="Scroll Element Into View" library="SeleniumLibrary">
<arg>${page_elements}</arg>
<doc>Scrolls the element identified by ``locator`` into view.</doc>
<status status="PASS" starttime="20220309 16:07:23.083" endtime="20220309 16:07:23.366"/>
</kw>
<kw name="Element Should Be Visible" library="SeleniumLibrary">
<arg>${page_elements}</arg>
<doc>Verifies that the element identified by ``locator`` is visible.</doc>
<msg timestamp="20220309 16:07:23.379" level="INFO">Element 'xpath://fieldset[@class="mdc-fieldset"]//div[@node_name="pyCaseActionArea"]//button[contains(@name,"CaseActionAreaButtons") and text()="Cancel"]/ancestor::div[contains(@class,"content-field")]' is displayed.</msg>
<status status="PASS" starttime="20220309 16:07:23.366" endtime="20220309 16:07:23.379"/>
</kw>
<status status="PASS" starttime="20220309 16:07:23.067" endtime="20220309 16:07:23.379"/>
</iter>
<iter>
<var name="${page_elements}">xpath://fieldset[@class="mdc-fieldset"]//div[@node_name="pyCaseActionArea"]//select[contains(@name,"MaritalStatus")]/ancestor::div[contains(@class,"content-field")]</var>
<kw name="Wait Until Element Is Visible" library="SeleniumLibrary">
<arg>${page_elements}</arg>
<arg>5s</arg>
<doc>Waits until the element ``locator`` is visible.</doc>
<status status="PASS" starttime="20220309 16:07:23.380" endtime="20220309 16:07:23.396"/>
</kw>
<kw name="Scroll Element Into View" library="SeleniumLibrary">
<arg>${page_elements}</arg>
<doc>Scrolls the element identified by ``locator`` into view.</doc>
<status status="PASS" starttime="20220309 16:07:23.397" endtime="20220309 16:07:23.673"/>
</kw>
<kw name="Element Should Be Visible" library="SeleniumLibrary">
<arg>${page_elements}</arg>
<doc>Verifies that the element identified by ``locator`` is visible.</doc>
<msg timestamp="20220309 16:07:23.683" level="INFO">Element 'xpath://fieldset[@class="mdc-fieldset"]//div[@node_name="pyCaseActionArea"]//select[contains(@name,"MaritalStatus")]/ancestor::div[contains(@class,"content-field")]' is displayed.</msg>
<status status="PASS" starttime="20220309 16:07:23.673" endtime="20220309 16:07:23.683"/>
</kw>
<status status="PASS" starttime="20220309 16:07:23.379" endtime="20220309 16:07:23.684"/>
</iter>
<iter>
<var name="${page_elements}">xpath://fieldset[@class="mdc-fieldset"]//div[@node_name="pyCaseActionArea"]//input[contains(@name,"DateOfDeath")]/ancestor::div[contains(@class,"content-field")]</var>
<kw name="Wait Until Element Is Visible" library="SeleniumLibrary">
<arg>${page_elements}</arg>
<arg>5s</arg>
<doc>Waits until the element ``locator`` is visible.</doc>
<status status="PASS" starttime="20220309 16:07:23.684" endtime="20220309 16:07:23.698"/>
</kw>
<kw name="Scroll Element Into View" library="SeleniumLibrary">
<arg>${page_elements}</arg>
<doc>Scrolls the element identified by ``locator`` into view.</doc>
<status status="PASS" starttime="20220309 16:07:23.698" endtime="20220309 16:07:23.973"/>
</kw>
<kw name="Element Should Be Visible" library="SeleniumLibrary">
<arg>${page_elements}</arg>
<doc>Verifies that the element identified by ``locator`` is visible.</doc>
<msg timestamp="20220309 16:07:23.986" level="INFO">Element 'xpath://fieldset[@class="mdc-fieldset"]//div[@node_name="pyCaseActionArea"]//input[contains(@name,"DateOfDeath")]/ancestor::div[contains(@class,"content-field")]' is displayed.</msg>
<status status="PASS" starttime="20220309 16:07:23.973" endtime="20220309 16:07:23.986"/>
</kw>
<status status="PASS" starttime="20220309 16:07:23.684" endtime="20220309 16:07:23.986"/>
</iter>
<iter>
<var name="${page_elements}">xpath://fieldset[@class="mdc-fieldset"]//div[@node_name="pyCaseActionArea"]//input[contains(@name,"DateOfBirth")]/ancestor::div[contains(@class,"content-field")]</var>
<kw name="Wait Until Element Is Visible" library="SeleniumLibrary">
<arg>${page_elements}</arg>
<arg>5s</arg>
<doc>Waits until the element ``locator`` is visible.</doc>
<status status="PASS" starttime="20220309 16:07:23.986" endtime="20220309 16:07:24.004"/>
</kw>
<kw name="Scroll Element Into View" library="SeleniumLibrary">
<arg>${page_elements}</arg>
<doc>Scrolls the element identified by ``locator`` into view.</doc>
<status status="PASS" starttime="20220309 16:07:24.004" endtime="20220309 16:07:24.272"/>
</kw>
<kw name="Element Should Be Visible" library="SeleniumLibrary">
<arg>${page_elements}</arg>
<doc>Verifies that the element identified by ``locator`` is visible.</doc>
<msg timestamp="20220309 16:07:24.284" level="INFO">Element 'xpath://fieldset[@class="mdc-fieldset"]//div[@node_name="pyCaseActionArea"]//input[contains(@name,"DateOfBirth")]/ancestor::div[contains(@class,"content-field")]' is displayed.</msg>
<status status="PASS" starttime="20220309 16:07:24.272" endtime="20220309 16:07:24.284"/>
</kw>
<status status="PASS" starttime="20220309 16:07:23.986" endtime="20220309 16:07:24.284"/>
</iter>
<iter>
<var name="${page_elements}">xpath://fieldset[@class="mdc-fieldset"]//div[@node_name="pyCaseActionArea"]//input[contains(@name,"Postcode")]/ancestor::div[contains(@class,"content-field")]</var>
<kw name="Wait Until Element Is Visible" library="SeleniumLibrary">
<arg>${page_elements}</arg>
<arg>5s</arg>
<doc>Waits until the element ``locator`` is visible.</doc>
<status status="PASS" starttime="20220309 16:07:24.284" endtime="20220309 16:07:24.300"/>
</kw>
<kw name="Scroll Element Into View" library="SeleniumLibrary">
<arg>${page_elements}</arg>
<doc>Scrolls the element identified by ``locator`` into view.</doc>
<status status="PASS" starttime="20220309 16:07:24.300" endtime="20220309 16:07:24.566"/>
</kw>
<kw name="Element Should Be Visible" library="SeleniumLibrary">
<arg>${page_elements}</arg>
<doc>Verifies that the element identified by ``locator`` is visible.</doc>
<msg timestamp="20220309 16:07:24.577" level="INFO">Element 'xpath://fieldset[@class="mdc-fieldset"]//div[@node_name="pyCaseActionArea"]//input[contains(@name,"Postcode")]/ancestor::div[contains(@class,"content-field")]' is displayed.</msg>
<status status="PASS" starttime="20220309 16:07:24.566" endtime="20220309 16:07:24.577"/>
</kw>
<status status="PASS" starttime="20220309 16:07:24.284" endtime="20220309 16:07:24.577"/>
</iter>
<iter>
<var name="${page_elements}">xpath://fieldset[@class="mdc-fieldset"]//div[@node_name="pyCaseActionArea"]//input[contains(@name,"State")]/ancestor::div[contains(@class,"content-field")]</var>
<kw name="Wait Until Element Is Visible" library="SeleniumLibrary">
<arg>${page_elements}</arg>
<arg>5s</arg>
<doc>Waits until the element ``locator`` is visible.</doc>
<status status="PASS" starttime="20220309 16:07:24.577" endtime="20220309 16:07:24.596"/>
</kw>
<kw name="Scroll Element Into View" library="SeleniumLibrary">
<arg>${page_elements}</arg>
<doc>Scrolls the element identified by ``locator`` into view.</doc>
<status status="PASS" starttime="20220309 16:07:24.596" endtime="20220309 16:07:24.875"/>
</kw>
<kw name="Element Should Be Visible" library="SeleniumLibrary">
<arg>${page_elements}</arg>
<doc>Verifies that the element identified by ``locator`` is visible.</doc>
<msg timestamp="20220309 16:07:24.886" level="INFO">Element 'xpath://fieldset[@class="mdc-fieldset"]//div[@node_name="pyCaseActionArea"]//input[contains(@name,"State")]/ancestor::div[contains(@class,"content-field")]' is displayed.</msg>
<status status="PASS" starttime="20220309 16:07:24.875" endtime="20220309 16:07:24.886"/>
</kw>
<status status="PASS" starttime="20220309 16:07:24.577" endtime="20220309 16:07:24.886"/>
</iter>
<iter>
<var name="${page_elements}">xpath://fieldset[@class="mdc-fieldset"]//div[@node_name="pyCaseActionArea"]//input[contains(@name,"Address")]/ancestor::div[contains(@class,"content-field")]</var>
<kw name="Wait Until Element Is Visible" library="SeleniumLibrary">
<arg>${page_elements}</arg>
<arg>5s</arg>
<doc>Waits until the element ``locator`` is visible.</doc>
<status status="PASS" starttime="20220309 16:07:24.887" endtime="20220309 16:07:24.902"/>
</kw>
<kw name="Scroll Element Into View" library="SeleniumLibrary">
<arg>${page_elements}</arg>
<doc>Scrolls the element identified by ``locator`` into view.</doc>
<status status="PASS" starttime="20220309 16:07:24.902" endtime="20220309 16:07:25.172"/>
</kw>
<kw name="Element Should Be Visible" library="SeleniumLibrary">
<arg>${page_elements}</arg>
<doc>Verifies that the element identified by ``locator`` is visible.</doc>
<msg timestamp="20220309 16:07:25.183" level="INFO">Element 'xpath://fieldset[@class="mdc-fieldset"]//div[@node_name="pyCaseActionArea"]//input[contains(@name,"Address")]/ancestor::div[contains(@class,"content-field")]' is displayed.</msg>
<status status="PASS" starttime="20220309 16:07:25.172" endtime="20220309 16:07:25.183"/>
</kw>
<status status="PASS" starttime="20220309 16:07:24.887" endtime="20220309 16:07:25.183"/>
</iter>
<iter>
<var name="${page_elements}">xpath://fieldset[@class="mdc-fieldset"]//div[@node_name="pyCaseActionArea"]//input[contains(@name,"Address")]/ancestor::div[contains(@class,"content-field")]</var>
<kw name="Wait Until Element Is Visible" library="SeleniumLibrary">
<arg>${page_elements}</arg>
<arg>5s</arg>
<doc>Waits until the element ``locator`` is visible.</doc>
<status status="PASS" starttime="20220309 16:07:25.183" endtime="20220309 16:07:25.194"/>
</kw>
<kw name="Scroll Element Into View" library="SeleniumLibrary">
<arg>${page_elements}</arg>
<doc>Scrolls the element identified by ``locator`` into view.</doc>
<status status="PASS" starttime="20220309 16:07:25.194" endtime="20220309 16:07:25.472"/>
</kw>
<kw name="Element Should Be Visible" library="SeleniumLibrary">
<arg>${page_elements}</arg>
<doc>Verifies that the element identified by ``locator`` is visible.</doc>
<msg timestamp="20220309 16:07:25.485" level="INFO">Element 'xpath://fieldset[@class="mdc-fieldset"]//div[@node_name="pyCaseActionArea"]//input[contains(@name,"Address")]/ancestor::div[contains(@class,"content-field")]' is displayed.</msg>
<status status="PASS" starttime="20220309 16:07:25.472" endtime="20220309 16:07:25.486"/>
</kw>
<status status="PASS" starttime="20220309 16:07:25.183" endtime="20220309 16:07:25.486"/>
</iter>
<iter>
<var name="${page_elements}">xpath://fieldset[@class="mdc-fieldset"]//div[@node_name="pyCaseActionArea"]//div[contains(@param_name,"CollectDeceasedCustomerDetails")]</var>
<kw name="Wait Until Element Is Visible" library="SeleniumLibrary">
<arg>${page_elements}</arg>
<arg>5s</arg>
<doc>Waits until the element ``locator`` is visible.</doc>
<status status="PASS" starttime="20220309 16:07:25.486" endtime="20220309 16:07:25.505"/>
</kw>
<kw name="Scroll Element Into View" library="SeleniumLibrary">
<arg>${page_elements}</arg>
<doc>Scrolls the element identified by ``locator`` into view.</doc>
<status status="PASS" starttime="20220309 16:07:25.506" endtime="20220309 16:07:25.780"/>
</kw>
<kw name="Element Should Be Visible" library="SeleniumLibrary">
<arg>${page_elements}</arg>
<doc>Verifies that the element identified by ``locator`` is visible.</doc>
<msg timestamp="20220309 16:07:25.790" level="INFO">Element 'xpath://fieldset[@class="mdc-fieldset"]//div[@node_name="pyCaseActionArea"]//div[contains(@param_name,"CollectDeceasedCustomerDetails")]' is displayed.</msg>
<status status="PASS" starttime="20220309 16:07:25.780" endtime="20220309 16:07:25.790"/>
</kw>
<status status="PASS" starttime="20220309 16:07:25.486" endtime="20220309 16:07:25.790"/>
</iter>
<iter>
<var name="${page_elements}">xpath://fieldset[@class="mdc-fieldset"]//div[@node_name="pyCaseActionArea"]//div[contains(@param_name,"CollectDeceasedCustomerDetails")]</var>
<kw name="Wait Until Element Is Visible" library="SeleniumLibrary">
<arg>${page_elements}</arg>
<arg>5s</arg>
<doc>Waits until the element ``locator`` is visible.</doc>
<status status="PASS" starttime="20220309 16:07:25.790" endtime="20220309 16:07:25.801"/>
</kw>
<kw name="Scroll Element Into View" library="SeleniumLibrary">
<arg>${page_elements}</arg>
<doc>Scrolls the element identified by ``locator`` into view.</doc>
<status status="PASS" starttime="20220309 16:07:25.801" endtime="20220309 16:07:26.076"/>
</kw>
<kw name="Element Should Be Visible" library="SeleniumLibrary">
<arg>${page_elements}</arg>
<doc>Verifies that the element identified by ``locator`` is visible.</doc>
<msg timestamp="20220309 16:07:26.087" level="INFO">Element 'xpath://fieldset[@class="mdc-fieldset"]//div[@node_name="pyCaseActionArea"]//div[contains(@param_name,"CollectDeceasedCustomerDetails")]' is displayed.</msg>
<status status="PASS" starttime="20220309 16:07:26.076" endtime="20220309 16:07:26.087"/>
</kw>
<status status="PASS" starttime="20220309 16:07:25.790" endtime="20220309 16:07:26.087"/>
</iter>
<iter>
<var name="${page_elements}">xpath://fieldset[@class="mdc-fieldset"]//div[@node_name="pyCaseActionArea"]//input[contains(@name,"FullName")]/ancestor::div[contains(@class,"content-field")]</var>
<kw name="Wait Until Element Is Visible" library="SeleniumLibrary">
<arg>${page_elements}</arg>
<arg>5s</arg>
<doc>Waits until the element ``locator`` is visible.</doc>
<status status="PASS" starttime="20220309 16:07:26.087" endtime="20220309 16:07:26.102"/>
</kw>
<kw name="Scroll Element Into View" library="SeleniumLibrary">
<arg>${page_elements}</arg>
<doc>Scrolls the element identified by ``locator`` into view.</doc>
<status status="PASS" starttime="20220309 16:07:26.102" endtime="20220309 16:07:26.367"/>
</kw>
<kw name="Element Should Be Visible" library="SeleniumLibrary">
<arg>${page_elements}</arg>
<doc>Verifies that the element identified by ``locator`` is visible.</doc>
<msg timestamp="20220309 16:07:26.378" level="INFO">Element 'xpath://fieldset[@class="mdc-fieldset"]//div[@node_name="pyCaseActionArea"]//input[contains(@name,"FullName")]/ancestor::div[contains(@class,"content-field")]' is displayed.</msg>
<status status="PASS" starttime="20220309 16:07:26.367" endtime="20220309 16:07:26.378"/>
</kw>
<status status="PASS" starttime="20220309 16:07:26.087" endtime="20220309 16:07:26.378"/>
</iter>
<iter>
<var name="${page_elements}">xpath://fieldset[@class="mdc-fieldset"]//div[@node_name="pyCaseActionArea"]//input[contains(@name,"FullName")]/ancestor::div[contains(@class,"content-field")]</var>
<kw name="Wait Until Element Is Visible" library="SeleniumLibrary">
<arg>${page_elements}</arg>
<arg>5s</arg>
<doc>Waits until the element ``locator`` is visible.</doc>
<status status="PASS" starttime="20220309 16:07:26.379" endtime="20220309 16:07:26.390"/>
</kw>
<kw name="Scroll Element Into View" library="SeleniumLibrary">
<arg>${page_elements}</arg>
<doc>Scrolls the element identified by ``locator`` into view.</doc>
<status status="PASS" starttime="20220309 16:07:26.390" endtime="20220309 16:07:26.659"/>
</kw>
<kw name="Element Should Be Visible" library="SeleniumLibrary">
<arg>${page_elements}</arg>
<doc>Verifies that the element identified by ``locator`` is visible.</doc>
<msg timestamp="20220309 16:07:26.670" level="INFO">Element 'xpath://fieldset[@class="mdc-fieldset"]//div[@node_name="pyCaseActionArea"]//input[contains(@name,"FullName")]/ancestor::div[contains(@class,"content-field")]' is displayed.</msg>
<status status="PASS" starttime="20220309 16:07:26.659" endtime="20220309 16:07:26.671"/>
</kw>
<status status="PASS" starttime="20220309 16:07:26.378" endtime="20220309 16:07:26.671"/>
</iter>
<iter>
<var name="${page_elements}">xpath://fieldset[@class="mdc-fieldset"]//div[@node_name="pyCaseActionArea"]//input[contains(@name,"CustomerNumber")]/ancestor::div[contains(@class,"content-field")]</var>
<kw name="Wait Until Element Is Visible" library="SeleniumLibrary">
<arg>${page_elements}</arg>
<arg>5s</arg>
<doc>Waits until the element ``locator`` is visible.</doc>
<status status="PASS" starttime="20220309 16:07:26.671" endtime="20220309 16:07:26.686"/>
</kw>
<kw name="Scroll Element Into View" library="SeleniumLibrary">
<arg>${page_elements}</arg>
<doc>Scrolls the element identified by ``locator`` into view.</doc>
<status status="PASS" starttime="20220309 16:07:26.686" endtime="20220309 16:07:26.960"/>
</kw>
<kw name="Element Should Be Visible" library="SeleniumLibrary">
<arg>${page_elements}</arg>
<doc>Verifies that the element identified by ``locator`` is visible.</doc>
<msg timestamp="20220309 16:07:26.971" level="INFO">Element 'xpath://fieldset[@class="mdc-fieldset"]//div[@node_name="pyCaseActionArea"]//input[contains(@name,"CustomerNumber")]/ancestor::div[contains(@class,"content-field")]' is displayed.</msg>
<status status="PASS" starttime="20220309 16:07:26.960" endtime="20220309 16:07:26.971"/>
</kw>
<status status="PASS" starttime="20220309 16:07:26.671" endtime="20220309 16:07:26.971"/>
</iter>
<iter>
<var name="${page_elements}">xpath://fieldset[@class="mdc-fieldset"]//div[@node_name="pyCaseActionArea"]//button[@title="Close"]</var>
<kw name="Wait Until Element Is Visible" library="SeleniumLibrary">
<arg>${page_elements}</arg>
<arg>5s</arg>
<doc>Waits until the element ``locator`` is visible.</doc>
<status status="PASS" starttime="20220309 16:07:26.971" endtime="20220309 16:07:26.986"/>
</kw>
<kw name="Scroll Element Into View" library="SeleniumLibrary">
<arg>${page_elements}</arg>
<doc>Scrolls the element identified by ``locator`` into view.</doc>
<status status="PASS" starttime="20220309 16:07:26.986" endtime="20220309 16:07:27.252"/>
</kw>
<kw name="Element Should Be Visible" library="SeleniumLibrary">
<arg>${page_elements}</arg>
<doc>Verifies that the element identified by ``locator`` is visible.</doc>
<msg timestamp="20220309 16:07:27.263" level="INFO">Element 'xpath://fieldset[@class="mdc-fieldset"]//div[@node_name="pyCaseActionArea"]//button[@title="Close"]' is displayed.</msg>
<status status="PASS" starttime="20220309 16:07:27.252" endtime="20220309 16:07:27.263"/>
</kw>
<status status="PASS" starttime="20220309 16:07:26.971" endtime="20220309 16:07:27.263"/>
</iter>
<iter>
<var name="${page_elements}">xpath://fieldset[@class="mdc-fieldset"]//div[@node_name="pyCaseActionArea"]</var>
<kw name="Wait Until Element Is Visible" library="SeleniumLibrary">
<arg>${page_elements}</arg>
<arg>5s</arg>
<doc>Waits until the element ``locator`` is visible.</doc>
<status status="PASS" starttime="20220309 16:07:27.263" endtime="20220309 16:07:27.278"/>
</kw>
<kw name="Scroll Element Into View" library="SeleniumLibrary">
<arg>${page_elements}</arg>
<doc>Scrolls the element identified by ``locator`` into view.</doc>
<status status="PASS" starttime="20220309 16:07:27.278" endtime="20220309 16:07:27.551"/>
</kw>
<kw name="Element Should Be Visible" library="SeleniumLibrary">
<arg>${page_elements}</arg>
<doc>Verifies that the element identified by ``locator`` is visible.</doc>
<msg timestamp="20220309 16:07:27.561" level="INFO">Element 'xpath://fieldset[@class="mdc-fieldset"]//div[@node_name="pyCaseActionArea"]' is displayed.</msg>
<status status="PASS" starttime="20220309 16:07:27.551" endtime="20220309 16:07:27.562"/>
</kw>
<status status="PASS" starttime="20220309 16:07:27.263" endtime="20220309 16:07:27.562"/>
</iter>
<iter>
<var name="${page_elements}">xpath://fieldset[@class="mdc-fieldset"]//div[@node_name="pyCaseActionArea"]//h2[@class="header-title"]</var>
<kw name="Wait Until Element Is Visible" library="SeleniumLibrary">
<arg>${page_elements}</arg>
<arg>5s</arg>
<doc>Waits until the element ``locator`` is visible.</doc>
<status status="PASS" starttime="20220309 16:07:27.562" endtime="20220309 16:07:27.578"/>
</kw>
<kw name="Scroll Element Into View" library="SeleniumLibrary">
<arg>${page_elements}</arg>
<doc>Scrolls the element identified by ``locator`` into view.</doc>
<status status="PASS" starttime="20220309 16:07:27.578" endtime="20220309 16:07:27.845"/>
</kw>
<kw name="Element Should Be Visible" library="SeleniumLibrary">
<arg>${page_elements}</arg>
<doc>Verifies that the element identified by ``locator`` is visible.</doc>
<msg timestamp="20220309 16:07:27.855" level="INFO">Element 'xpath://fieldset[@class="mdc-fieldset"]//div[@node_name="pyCaseActionArea"]//h2[@class="header-title"]' is displayed.</msg>
<status status="PASS" starttime="20220309 16:07:27.845" endtime="20220309 16:07:27.855"/>
</kw>
<status status="PASS" starttime="20220309 16:07:27.562" endtime="20220309 16:07:27.855"/>
</iter>
<status status="PASS" starttime="20220309 16:07:22.310" endtime="20220309 16:07:27.855"/>
</for>
<status status="PASS" starttime="20220309 16:07:22.309" endtime="20220309 16:07:27.856"/>
</kw>
<kw name="Validate and Verify Error Message" library="CommonGlobal">
<arg>${create_deceased_customer_customerNumber_textbox}</arg>
<arg>Not a Blank</arg>
<kw name="Validate Verify Element Error Message" library="common_global">
<arg>${selector}</arg>
<arg>${err_message}</arg>
<msg timestamp="20220309 16:07:27.858" level="FAIL">AttributeError: 'str' object has no attribute 'execute'</msg>
<status status="FAIL" starttime="20220309 16:07:27.856" endtime="20220309 16:07:27.858"/>
</kw>
<status status="FAIL" starttime="20220309 16:07:27.856" endtime="20220309 16:07:27.858"/>
</kw>
<status status="FAIL" starttime="20220309 16:07:12.216" endtime="20220309 16:07:27.859"/>
</kw>
<kw name="Close Application" library="CommonGlobal" type="TEARDOWN">
<kw name="Sleep" library="BuiltIn">
<arg>2s</arg>
<doc>Pauses the test executed for the given time.</doc>
<msg timestamp="20220309 16:07:29.874" level="INFO">Slept 2 seconds</msg>
<status status="PASS" starttime="20220309 16:07:27.860" endtime="20220309 16:07:29.874"/>
</kw>
<kw name="Close Browser" library="SeleniumLibrary" type="TEARDOWN">
<doc>Closes the current browser.</doc>
<status status="PASS" starttime="20220309 16:07:29.874" endtime="20220309 16:07:31.965"/>
</kw>
<status status="PASS" starttime="20220309 16:07:27.859" endtime="20220309 16:07:31.965"/>
</kw>
<doc>Validate Verify PEGA VR Bank Page</doc>
<tag>Regression</tag>
<status status="FAIL" starttime="20220309 16:07:02.143" endtime="20220309 16:07:31.965">AttributeError: 'str' object has no attribute 'execute'</status>
</test>
<status status="FAIL" starttime="20220309 16:07:01.858" endtime="20220309 16:07:31.967"/>
</suite>
<statistics>
<total>
<stat pass="0" fail="1" skip="0">All Tests</stat>
</total>
<tag>
<stat pass="0" fail="1" skip="0">Regression</stat>
</tag>
<suite>
<stat pass="0" fail="1" skip="0" id="s1" name="Validate Verify Create Deceased Customer Dialog">Validate Verify Create Deceased Customer Dialog</stat>
</suite>
</statistics>
<errors>
</errors>
</robot>
